[   0.0000 Itializin coup bs cput[   .0000]nialzinggrp subss pu
[    0.000]Initalin cgrp ubyscpcc
[  00000] Lix rsio4.0-10-gerc (bldlgw0am4-38) (ccerio 54.206060(Untu 5..0ubntu16..5) ) 32Ubun S Tuean 19:52:9 C 018 Ubnt4.4.0-9.2-geneic.498)   0.00000Commanli: BOOTMAE=/botmlnuz-4.109-genicoot=BEcloudig-ots rocoso=tty1 onlettyS0
[   0.0000KERN sported cus
[  0.000]   IelenuineInel
[   0.00000]   AMD AuheicAM
[   0.0000  CeauCentauau
[   .000] x8fp xstteofet[2]:  57 xste_zes[: 56
[  000000]86pu: pptig XSE atur0x: 'x fatng pntegisrs
[  0.0000] 6/pu SuporngXSAVE atre x0 'SE rgier'
[  0.0000 x/fpuSuoring XSE eature 004'AX regisrs
[  0.0000x8fpu: Ebl xstatfeture 0, onte se s 832 te, usin 'anard'foma
[   000000]86pu Usin 'zy FPU cte sites
[   .00000 e0:BIOSroded ysal RAMap
[  0.0000 BS-820:me0x000000000000-0000000009bf usabl
[  0.0000]IOS-20[mem 000000000c00x0000000009fff] seed
[  000000]IOe820: emx0000000f00-00000000fff]rervd
[   0.000] BIO-e0:[mem 00000000000-0x00000ffeffff ubl
[  000000]IOe820[m 0x00007ff000x000000fffff]CP dat
  0.0000BIOS82 [me0x000000fe00-0x0000fecff resve
[   0000] BS-e820: [mem0x0000fee000x00000ee00f]esrv
   0.000 BIOe8: [mem 0000000ffc000-0000000ffff] rerv
    0.000] NX xeute sae) proctn: actve[    0.0000SMBI 25 prse.    0000] peisor decd: KVM[   .0000] e82 last_n 0x7f0 x_archfn 0x400000
[   00000] MR:isabd[    0.000] 86/P: RRs sale, kiin PATnializatn o.
[  00000 C MTRRslllank vtualedsystem
   0.000] 86PA Cnfigurio [0-7] W WT UC U  WB  T UC UC  [   0.000] fndSMP MPabe at [mem 0009f0x000ff mapd  [ffff0009ff][   .0000] Scain 1 are fr lomery cruio
[    00000] RAIS: [m 06adc0-37565ff]
[   .0000]CPI: Elytabl checksu verifatondisabl
   .000] PIRSDP 0x000000000E0000002(v VBOX  )[    00000] PIXSDT 0000007F00 0000 (01 VOX  OXXS 00000AS 00000)
[  0.000000 ACPI:AC 0x00000FFF00 00F4 (4 OX  BOACP 0001 A  00061)[   0.00] ACPIDS 0x000007FFF70021FF 02BOX VBBIOS0000 INT200528
  0.0000 ACPI:AC0x000000007FF000000
   0.000 ACP FS 0x00007FFF0200 00040[   0.00] AC: IC 0000007F00 0000C v0VBOX VXAPI000001SL000061
[  0.0000AC: SSDT 0000007FF2A0001CC(v1 BO   VXCT 00002 NTL 1028)   0.0000]No NA nfigraonfound
[   .000] king anodet mem 0x0000000000-0x000007feffff][   0.0000 NODDA(0) loted em0xffeb000x7feff]
[   0.0000 km-clckUsng mss 56d01 an4b64d0
[  0.0000 km-clk:pu 0 m 07ffe30, imary u lock[   0.00] kvm-cock: ung sedffset of515912 cle
[   .0000] cckoucekvcloc msk: 0xffffffffff m_cycles0xd42eff max_ie_: 88901483s[    00000] neange
  0.0000]  DMA    mem 00000000010-x0000000ffff][   .000]   MA   [mm 00000000000-000000feff
[   0.0000  rmal ety
  0.0000  evic  pty
[    0.00000] vae zoe ar for each nod
[   .0000]ar memy de ranges
[   .0000] nde   0: [m 000000001000x00000000eff]
[   .0000] nde  0: [mem 0x000000010000-0000007ffff]
[  00000 Itmemet nde 0me0x0000000010-0000000fffff][   0.000000]CP PM-meIO Por 04008[   .000] IOPI0] apic_d  vrsion , ddres fe0000, I -23
[   .00000] AC: INT_C_R (bus bs_ir0 obalirq 2 l dfl)[   0.00] AC: T_RCVRbus buirq glal_irq l lev)[   .0000]si ACPI (MDT)fo SMPonguraon infmati
   0.000 smpotAllong CPU 0otpl Cs
[  0000] : Rested navmemory[m 0x0000-0x000f]
[   0.000] P Risteedosve mor [mem x009f0000x00ff]
[  000000]M:egisrenosavemery [mem 000000x0efff
  0.0000PM: egteed noveemory: [me0x00f0000x00ffff
[   0000] e0:mem 0x0000-0xfffff] availleor PCIdeics
[    0.0000Botig paviualid rneln M
[   00000] closorce: refed-jifesmask0xffff m_cycle: ffffff, x_dle_ns: 455196002168 n
[  0.0000]etup_pcp: NRPU512 r_cpuas_bts:512nrcp_is:2 _ne_id1[   .0000]ERU:Embedded4 pages/u ffff887f0000s944 r923152u18576[   .00000] V pinloc hshtale entri: 56 (rd: , 4096yt)
[   .00000] Blt1 zolits i Ne rder milty groin on.Tol pags:151
[  00000 Picy zon D32
[  00000] rnel cmmd ine:BOOT_IMAE=/boo/vmluz-4.009-gerirootAB=clodimg-roos ro conletty1onle=ttyS0   0000] P hh able etrs:4096 (de 3, 3276byes
[  0.00] Memoy:03932K0996K vaabe (885 krnl code13K rwda, 988Koda, 18Knit,31 bss624K rerd, 0cmreseve
    0000] SLUBHWign=, der=0- MObjes= CPUs= Nde=1
  0.0000 Knel/erpae tables ilaion:naed
[   00000]ierchil CUimplention.   0.000 	Bud-im ajumet of le fout  6.
[   00000] RC rtricinCPs fm _CPU51 t nr_cpu_ds.
[    00000 RCU: Ajuin geoetry for rcu_fou_lea64nr_cpuid2
[  0.0000NRRQS:024 nrirs:4416
[    0000] nse: couVGA+ 825
[    00000 conletty1 ebld
[  00000] coole [ty] abled   0.000000] tsc: Detected 2904.000 MHz processor
[   31.104354] Calibrating delay loop (skipped) preset value.. 5808.00 BogoMIPS (lpj=11616000)
[   31.343681] pid_max: default: 32768 minimum: 301
[   31.393175] ACPI: Core revision 20150930
[   31.489868] ACPI: 2 ACPI AML tables successfully acquired and loaded
[   31.652704] Security Framework initialized
[   31.740143] Yama: becoming mindful.
[   31.837962] AppArmor: AppArmor initialized
[   31.948942] Dentry cache hash table entries: 262144 (order: 9, 2097152 bytes)
[   32.140632] Inode-cache hash table entries: 131072 (order: 8, 1048576 bytes)
[   32.333797] Mount-cache hash table entries: 4096 (order: 3, 32768 bytes)
[   32.494615] Mountpoint-cache hash table entries: 4096 (order: 3, 32768 bytes)
[   32.677029] Initializing cgroup subsys io
[   32.784736] Initializing cgroup subsys memory
[   32.861038] Initializing cgroup subsys devices
[   32.985138] Initializing cgroup subsys freezer
[   33.120647] Initializing cgroup subsys net_cls
[   33.223493] Initializing cgroup subsys perf_event
[   33.338495] Initializing cgroup subsys net_prio
[   33.457223] Initializing cgroup subsys hugetlb
[   33.562685] Initializing cgroup subsys pids
[   33.684215] CPU: Physical Processor ID: 0
[   33.799325] CPU: Processor Core ID: 0
[   33.887357] mce: CPU supports 0 MCE banks
[   33.971765] Last level iTLB entries: 4KB 64, 2MB 8, 4MB 8
[   34.131265] Last level dTLB entries: 4KB 64, 2MB 0, 4MB 0, 1GB 4
[   34.276786] Freeing SMP alternatives memory: 32K
[   34.422939] ftrace: allocating 32171 entries in 126 pages
[   34.609178] smpboot: APIC(0) Converting physical 0 to logical package 0
[   34.790906] smpboot: Max logical packages: 1
[   34.914350] x2apic enabled
[   34.999330] Switched APIC routing to physical x2apic.
[   35.105679] ..TIMER: vector=0x30 apic1=0 pin1=2 apic2=-1 pin2=-1
[   35.388860] smpboot: CPU0: Intel(R) Core(TM) i7-7820HQ CPU @ 2.90GHz (family: 0x6, model: 0x9e, stepping: 0x9)
[   35.665016] Performance Events: unsupported p6 CPU model 158 no PMU driver, software events only.
[   35.938070] KVM setup paravirtual spinlock
[   36.058330] x86: Booting SMP configuration:
[   36.163166] .... node  #0, CPUs:      #1
[   36.254077] kvm-clock:ccpu 1, msr 0:7ffe3041, secondary cpu clock
[   36.417137] mce: CPU supports 0 MCE banks
[   36.505424] x86: Booted up 1 node, 2 CPUs
[   36.616115] smpboot: Total of 2 processors activated (11616.00 BogoMIPS)
[   36.813284] devtmpfs: initialized
[   36.897721] evm: security.selinux
[   36.993738] evm: security.SMACK64
[   37.085391] evm: security.SMACK64EXEC
[   37.184095] evm: security.SMACK64TRANSMUTE
[   37.272181] evm: security.SMACK64MMAP
[   37.334728] evm: security.ima
[   37.406559] evm: security.capability
[   37.460339] clocksource: jiffies: mask: 0xffffffff max_cycles: 0xffffffff, max_idle_ns: 7645041785100000 ns
[   37.647363] futex hash table entries: 512 (order: 3, 32768 bytes)
[   37.822939] pinctrl core: initialized pinctrl subsystem
[   37.979938] RTC time: 19:26:49, date: 01/23/18
[   38.110917] NET: Registered protocol family 16
[   38.254795] cpuidle: using governor ladder
[   38.369861] cpuidle: using governor menu
[   38.448919] PCCT header not found.
[   38.546590] ACPI: bus type PCI registered
[   38.662032] acpiphp: ACPI Hot Plug PCI Controller Driver version: 0.5
[   38.839035] PCI: Using configuration type 1 for base access
[   39.017109] ACPI: Added _OSI(Module Device)
[   39.127532] ACPI: Added _OSI(Processor Device)
[   39.251867] ACPI: Added _OSI(3.0 _SCP Extensions)
[   39.387011] ACPI: Added _OSI(Processor Aggregator Device)
[   39.511272] ACPI: Executed 1 blocks of module-level executable AML code
[   39.659005] ACPI: Interpreter enabled
[   39.764669] ACPI: (supports S0 S5)
[   39.862776] ACPI: Using IOAPIC for interrupt routing
[   39.989113] PCI: Using host bridge windows from ACPI; if necessary, use "pci=nocrs" and report a bug
[   40.214480] ACPI: PCI Root Bridge [PCI0] (domain 0000 [bus 00-ff])
[   40.377790] acpi PNP0A03:00: _OSC: OS supports [ASPM ClockPM Segments MSI]
[   40.549913] acpi PNP0A03:00: _OSC: not requesting OS control; OS requires [ExtendedConfig ASPM ClockPM MSI]
[   40.745213] acpi PNP0A03:00: fail to add MMCONFIG information, can't access extended PCI configuration space under this bridge.
[   40.977542] PCI host bridge to bus 0000:00
[   41.037730] pci_bus 0000:00: root bus resource [io  0x0000-0x0cf7 window]
[   41.224921] pci_bus 0000:00: root bus resource [io  0x0d00-0xffff window]
[   41.422333] pci_bus 0000:00: root bus resource [mem 0x000a0000-0x000bffff window]
[   41.636469] pci_bus 0000:00: root bus resource [mem 0x80000000-0xfdffffff window]
[   41.769233] pci_bus 0000:00: root bus resource [bus 00-ff]
[   41.923248] pci 0000:00:01.1: legacy IDE quirk: reg 0x10: [io  0x01f0-0x01f7]
[   42.118255] pci 0000:00:01.1: legacy IDE quirk: reg 0x14: [io  0x03f6]
[   42.303400] pci 0000:00:01.1: legacy IDE quirk: reg 0x18: [io  0x0170-0x0177]
[   42.480928] pci 0000:00:01.1: legacy IDE quirk: reg 0x1c: [io  0x0376]
[   42.667628] pci 0000:00:07.0: quirk: [io  0x4000-0x403f] claimed by PIIX4 ACPI
[   42.816865] pci 0000:00:07.0: quirk: [io  0x4100-0x410f] claimed by PIIX4 SMB
[   42.957906] ACPI: PCI Interrupt Link [LNKA] (IRQs 5 9 10 *11)
[   43.105543] ACPI: PCI Interrupt Link [LNKB] (IRQs 5 9 *10 11)
[   43.226061] ACPI: PCI Interrupt Link [LNKC] (IRQs 5 *9 10 11)
[   43.362712] ACPI: PCI Interrupt Link [LNKD] (IRQs 5 9 10 *11)
[   43.517718] ACPI: Enabled 2 GPEs in block 00 to 07
[   43.641049] vgaarb: setting as boot device: PCI:0000:00:02.0
[   43.803793] vgaarb: device added: PCI:0000:00:02.0,decodes=io+mem,owns=io+mem,locks=none
[   43.963757] vgaarb: loaded
[   44.017237] vgaarb: bridge control possible 0000:00:02.0
[   44.153440] SCSI subsystem initialized
[   44.248909] ACPI: bus type USB registered
[   44.359925] usbcore: registered new interface driver usbfs
[   44.504601] usbcore: registered new interface driver hub
[   44.648672] usbcore: registered new device driver usb
[   44.791050] PCI: Using ACPI for IRQ routing
[   44.901467] NetLabel: Initializing
[   44.998871] NetLabel:  domain hash size = 128
[   45.071873] NetLabel:  protocols = UNLABELED CIPSOv4
[   45.193468] NetLabel:  unlabeled traffic allowed by default
[   45.315604] amd_nb: Cannot enumerate AMD northbridges
[   45.451598] clocksource: Switched to clocksource kvm-clock
[   .600 AAror: AppArm FesteEnle
[ 461204 p: P PIni
[ 46801]npPnAC: und 3 devices

[   46.885349] clocksource: acpi_pm: mask: 0xffffff max_cycles: 0xffffff, max_idle_ns: 2085701024 ns
[   47.169308] NET: Registered protocol family 2
[   47.254208] TCP established hash table entries: 16384 (order: 5, 131072 bytes)
[   47.288712] TCP bind hash table entries: 16384 (order: 6, 262144 bytes)
[   47.448977] TCP: Hash tables configured (established 16384 bind 16384)
[   47.592346] UDP hash table entries: 1024 (order: 3, 32768 bytes)
[   47.808250] UDP-Lite hash table entries: 1024 (order: 3, 32768 bytes)
[   48.024156] NET: Registered protocol family 1
[   48.193517] pci 0000:00:00.0: Limiting direct PCI/PCI transfers
[   48.345653] pci 0000:00:01.0: Activating ISA DMA hang workarounds
[   48.377809] Unpacking initramfs...
[   49.881761] Freeing initrd memory: 10792K
[   50.003228] platform rtc_cmos: registered platform RTC device (no PNP device found)
[   50.155957] Scanning for low memory corruption every 60 seconds
[   50.344827] audit: initializing netlink subsys (disabled)
[   50.468223] audit: type=2000 audit(1516735583.658:1): initialized
[   50.578006] Initialise system trusted keyring
[   50.598975] HugeTLB registered 2 MB page size, pre-allocated 0 pages
[   50.665445] zbud: loaded
[   50.718102] VFS: Disk quotas dquot_6.6.0
[   50.836058] VFS: Dquot-cache hash table entries: 512 (order 0, 4096 bytes)
[   51.103625] tsc: Refined TSC clocksource calibration: 2903.138 MHz
[   51.331108] clocksource: tsc: mask: 0xffffffffffffffff max_cycles: 0x29d8d734312, max_idle_ns: 440795254628 ns
[   51.331553] squashfs: version 4.0 (2009/01/31) Phillip Lougher
[   51.607032] fuse init (API version 7.23)
[   51.607153] Key type big_key registered
[   51.607171] Allocating IMA MOK and blacklist keyrings.
[   51.607333] Key type asymmetric registered
[   51.607339] Asymmetric key parser 'x509' registered
[   51.607366] Block layer SCSI generic (bsg) driver version 0.4 loaded (major 249)
[   51.607385] io scheduler noop registered
[   51.607386] io scheduler deadline registered (default)
[   51.607406] io scheduler cfq registered
[   51.607477] pci_hotplug: PCI Hot Plug PCI Core version: 0.5
[   51.607480] pciehp: PCI Express Hot Plug Controller Driver version: 0.4
[   51.607756] ACPI: AC Adapter [AC] (off-line)
[   51.607795] input: Power Button as /devices/LNXSYSTM:00/LNXPWRBN:00/input/input0
[   51.607797] ACPI: Power Button [PWRF]
[   51.607866] input: Sleep Button as /devices/LNXSYSTM:00/LNXSLPBN:00/input/input1
[   51.607867] ACPI: Sleep Button [SLPF]
[   51.607987] GHES: HEST is not enabled!
[   51.608862] ACPI: Battery Slot [BAT0] (battery present)
[   51.608895] Serial: 8250/16550 driver, 32 ports, IRQ sharing enabled
[   51.716280] 00:02: ttyS0 at I/O 0x3f8 (irq = 4, base_baud = 115200) is a 16550A
[   51.821092] Linux agpgart interface v0.103
[   52.065167] loop: module loaded
[   52.065606] scsi host0: ata_piix
[   52.065646] scsi host1: ata_piix
[   52.065668] ata1: PATA max UDMA/33 cmd 0x1f0 ctl 0x3f6 bmdma 0xd000 irq 14
[   52.065668] ata2: PATA max UDMA/33 cmd 0x170 ctl 0x376 bmdma 0xd008 irq 15
[   52.065726] libphy: Fixed MDIO Bus: probed
[   52.065728] tun: Universal TUN/TAP device driver, 1.6
[   52.065729] tun: (C) 1999-2004 Max Krasnyansky <maxk@qualcomm.com>
[   52.066038] PPP generic driver version 2.4.2
[   52.066076] ehci_hcd: USB 2.0 'Enhanced' Host Controller (EHCI) Driver
[   52.066079] ehci-pci: EHCI PCI platform driver
[   52.066090] ehci-platform: EHCI generic platform driver
[   52.066095] ohci_hcd: USB 1.1 OOpen' Host Controller (OHCI) Driver
[   52.066099] ohci-pci: OHCI PCI platform driver
[   52.066104] ohci-platform: OHCI generic platform driver
[   52.066109] uhci_hcd: USB Universal Host Controller Interface driver
[   52.066167] i8042: PNP::PS/2 Controller [PNP0303:PS2K,PNP0f03:PS2M] at 0x60,0x64 irq 1,12
[   52.066567] serio: i8042 KBD port at 0x60,0x64 irq 1
[   52.066569] serio: i8042 AUX port at 0x60,0x64 irq 12
[   52.066639] mousedev: PS/2 mouse device common for all mice
[   52.066835] input: AT Translated Set 2 keyboard as /devices/platform/i8042/serio0/input/input2
[   52.067122] rtc_cmos rtc_cmos: rtc core: registered rtc_cmos as rtc0
[   52.067163] rtc_cmos rtc_cmos: alarms up to one day, 114 bytes nvram
[   52.067168] i2c /dev entries driver
[   52.067205] device-mapper: uevent: version 1.0.3
[   52.067241] device-mapper: ioctl: 4.34.0-ioctl (2015-10-28) initialised: dm-devel@redhat.com
[   52.067253] ledtrig-cpu: registered to indicate activity on CPUs
[   52.067703] NET: Registered protocol family 10
[   52.067808] NET: Registered protocol family 17
[   52.067816] Key type dns_resolver registered
[   52.067906] microcode: CPU0 sig=0x906e9, pf=0x2, revision=0x0
[   52.163999] microcode: CPU1 sig=0x906e9, pf=0x2, revision=0x0
[   52.164084] microcode: Microcode Update Driver: v2.01 <tigran@aivazian.fsnet.co.uk>, Peter Oruba
[   52.164223] registered taskstats version 1
[   52.164241] Loading compiled-in X.509 certificates
[   52.164713] Loaded X.509 cert 'Build time autogenerated kernel key: 96e61bd247bb6c4e82ca419795a98fcb171b0e99'
[   52.164729] zswap: loaded using pool lzo/zbud
[   52.166043] Key type trusted registered
[   52.168274] Key type encrypted registered
[   52.168279] AppArmor: AppArmor sha1 policy hashing enabled
[   52.168282] ima: No TPM chip found, activating TPM-bypass!
[   52.168294] evm: HMAC attrs: 0x1
[   52.168611]   Magic number: 2:89:446
[   52.277382] rtc_cmos rtc_cmos: setting system clock to 2018-01-23 19:27:03 UTC (1516735623)
[   52.277478] BIOS EDD facility v0.16 2004-Jun-25, 0 devices found
[   52.277478] EDD information not available.
[   59.531405] Freeing unused kernel memory: 1508K
[   60.403309] Write protecting the kernel read-only data: 14336k
[   60.554833] Freeing unused kernel memory: 1744K
[   60.636224] Freeing unused kernel memory: 108K
Loading, please [   60.702766] random: systemd-udevd: uninitialized urandom read (16 bytes read, 9 bits of entropy available)
wait...
startin[   60.703439] random: udevadm: uninitialized urandom read (16 bytes read, 9 bits of entropy available)
g version 229
[   60.703458] random: udevadm: uninitialized urandom read (16 bytes read, 9 bits of entropy available)
[   60.713037] random: udevadm: uninitialized urandom read (16 bytes read, 9 bits of entropy available)
[   60.713076] random: udevadm: uninitialized urandom read (16 bytes read, 9 bits of entropy available)
[   60.713209] random: udevadm: uninitialized urandom read (16 bytes read, 9 bits of entropy available)
[   60.713260] random: udevadm: uninitialized urandom read (16 bytes read, 9 bits of entropy available)
[   60.713310] random: udevadm: uninitialized urandom read (16 bytes read, 9 bits of entropy available)
[   60.713363] random: udevadm: uninitialized urandom read (16 bytes read, 9 bits of entropy available)
[   60.713411] random: udevadm: uninitialized urandom read (16 bytes read, 9 bits of entropy available)
[   63.179111] e1000: Intel(R) PRO/1000 Network Driver - version 7.3.21-k8-NAPI
[   63.409072] e1000: Copyright (c) 1999-2006 Intel Corporation.
[   63.582079] Fusion MPT base driver 3.04.20
[   63.704430] Copyright (c) 1999-2008 LSI Corporation
[   63.906028] AVX2 version of gcm_enc/dec engaged.
[   63.935993] AES CTR mode by8 optimization enabled
[   63.985844] Fusion MPT SPI Host driver 3.04.20
[   64.108686] input: ImExPS/2 Generic Explorer Mouse as /devices/platform/i8042/serio1/input/input4
[   64.337156] e1000 0000:00:03.0 eth0: (PCI:33MHz:32-bit) 02:38:07:4c:82:85
[   64.487719] e1000 0000:00:03.0 eth0: Intel(R) PRO/1000 Network Connection
[   64.668107] mptbase: ioc0: Initiating bringup
[   64.968049] ioc0: LSI53C1030 A0: Capabilities={Initiator}
[   65.959508] scsi host2: ioc0: LSI53C1030 A0, FwRev=00000000h, Ports=1, MaxQ=256, IRQ=20
[   66.345069] scsi 2:0:0:0: Direct-Access     VBOX     HARDDISK         1.0  PQ: 0 ANSI: 5
[   66.609043] scsi target2:0:0: Beginning Domain Validation
[   66.781336] scsi target2:0:0: Domain Validation skipping write tests
[   66.963283] scsi target2:0:0: Ending Domain Validation
[   67.104858] scsi target2:0:0: asynchronous
[   67.227622] floppy0: no floppy controllers found
[   67.318203] scsi 2:0:1:0: Direct-Access     VBOX     HARDDISK         1.0  PQ: 0 ANSI: 5
[   67.487915] e1000 0000:00:08.0 eth1: (PCI:33MHz:32-bit) 08:00:27:60:6a:43
[   67.488041] scsi target2:0:1: Beginning Domain Validation
[   67.489423] scsi target2:0:1: Domain Validation skipping write tests
[   67.489424] scsi target2:0:1: Ending Domain Validation
[   67.489511] scsi target2:0:1: asynchronous
[   67.697061] scsi 2:0:2:0: Direct-Access     VBOX     HARDDISK         1.0  PQ: 0 ANSI: 5
[   67.697067] scsi target2:0:2: Beginning Domain Validation
[   67.698390] scsi target2:0:2: Domain Validation skipping write tests
[   67.698390] scsi target2:0:2: Ending Domain Validation
[   67.698426] scsi target2:0:2: asynchronous
[   67.701566] sd 2:0:0:0: Attached scsi generic sg0 type 0
[   67.701685] sd 2:0:1:0: Attached scsi generic sg1 type 0
[   67.701784] sd 2:0:2:0: Attached scsi generic sg2 type 0
[   67.702479] sd 2:0:0:0: [sda] 20971520 512-byte logical blocks: (10.7 GB/10.0 GiB)
[   67.702591] sd 2:0:0:0: [sda] Write Protect is off
[   67.702658] sd 2:0:0:0: [sda] Incomplete mode parameter data
[   67.702659] sd 2:0:0:0: [sda] Assuming drive cache: write through
[   67.705562]  sda: sda1
[   67.706379] sd 2:0:0:0: [sda] Attached SCSI disk
[   67.706493] sd 2:0:1:0: [sdb] 20480 512-byte logical blocks: (10.5 MB/10.0 MiB)
[   67.706593] sd 2:0:1:0: [sdb] Write Protect is off
[   67.706660] sd 2:0:1:0: [sdb] Incomplete mode parameter data
[   67.706661] sd 2:0:1:0: [sdb] Assuming drive cache: write through
[   67.708774] sd 2:0:1:0: [sdb] Attached SCSI disk
[   67.708872] sd 2:0:2:0: [sdc] 83886080 512-byte logical blocks: (42.9 GB/40.0 GiB)
[   67.709015] sd 2:0:2:0: [sdc] Write Protect is off
[   67.709112] sd 2:0:2:0: [sdc] Incomplete mode parameter data
[   67.709113] sd 2:0:2:0: [sdc] Assuming drive cache: write through
[   67.711189] sd 2:0:2:0: [sdc] Attached SCSI disk
[   71.373164] e1000 0000:00:08.0 eth1: Intel(R) PRO/1000 Network Connection
[   71.452946] e1000 0000:00:08.0 enp0s8: renamed from eth1
[   72.419994] e1000 0000:00:03.0 enp0s3: renamed from eth0
Begin: Loading e[   73.844722] md: linear personality registered for level -1
ssential drivers[   73.980393] md: multipath personality registered for level -4
 ... [   74.011093] md: raid0 personality registered for level 0
[   74.120296] md: raid1 personality registered for level 1
[   74.331930] raid6: sse2x1   gen() 11663 MB/s
[   74.535699] raid6: sse2x1   xor()  8247 MB/s
[   74.735633] raid6: sse2x2   gen() 14022 MB/s
[   74.953920] raid6: sse2x2   xor() 10196 MB/s
[   75.071792] raid6: sse2x4   gen() 15882 MB/s
[   75.167697] raid6: sse2x4   xor()  8586 MB/s
[   75.399962] raid6: avx2x1   gen() 21893 MB/s
[   75.571682] raid6: avx2x2   gen() 25509 MB/s
[   75.744524] raid6: avx2x4   gen() 28425 MB/s
[   75.795857] raid6: using algorithm avx2x4 gen() 28425 MB/s
[   75.943435] raid6: using avx2x2 recovery algorithm
[   76.068505] xor: automatically using best checksumming function:
[   76.243906]    avx       : 21544.000 MB/sec
[   76.350103] async_tx: api initialized (async)
[   76.478610] md: raid6 personality registered for level 6
[   76.620130] md: raid5 personality registered for level 5
[   76.799788] md: raid4 personality registered for level 4
[   76.964760] md: raid10 personality registered for level 10
done.
Begin: Running /scripts/init-premount ... done.
Begin: M[   77.141405] Btrfs loaded
ounting root file system ... Begin: Running /scripts/local-top ... done.
Begin: Running /scripts/local-premount[   77.258830] random: nonblocking pool is initialized
 ... Scanning for Btrfs filesystems
done.
Warn[   77.365274] EXT4-fs (sda1): mounted filesystem with ordered data mode. Opts: (null)
ing: fsck not present, so skipping root file system
done.
Begin: Running /scripts/local-bottom ... done.
Begin: Running /scripts/init-bottom ... done.
[   77.698402] systemd[1]: systemd 229 running in system mode. (+PAM +AUDIT +SELINUX +IMA +APPARMOR +SMACK +SYSVINIT +UTMP +LIBCRYPTSETUP +GCRYPT +GNUTLS +ACL +XZ -LZ4 +SECCOMP +BLKID +ELFUTILS +KMOD -IDN)
[   78.274612] systemd[1]: Detected virtualization oracle.
[   78.405597] systemd[1]: Detected architecture x86-64.

Welcome to [1mUbuntu 16.04.3 LTS[0m!

[   78.476612] systemd[1]: Set hostname to <k8s0>.
[   78.764743] systemd[1]: Started Trigger resolvconf update for networkd DNS.
[[0;32m  OK  [0m] Started Trigger resolvconf update for networkd DNS.
[   79.028562] systemd[1]: Listening on Device-mapper event daemon FIFOs.
[[0;32m  OK  [0m] Listening on Device-mapper event daemon FIFOs.
[   79.292981] systemd[1]: Listening on LVM2 metadata daemon socket.
[[0;32m  OK  [0m] Listening on LVM2 metadata daemon socket.
[   79.564068] systemd[1]: Listening on LVM2 poll daemon socket.
[[0;32m  OK  [0m] Listening on LVM2 poll daemon socket.
[   79.736328] systemd[1]: Created slice System Slice.
[[0;32m  OK  [0m] Created slice System Slice.
[   79.960199] systemd[1]: Created slice system-serial\x2dgetty.slice.
[[0;32m  OK  [0m] Created slice system-serial\x2dgetty.slice.
[   80.199090] systemd[1]: Reached target User and Group Name Lookups.
[[0;32m  OK  [0m] Reached target User and Group Name Lookups.
[   80.460772] systemd[1]: Listening on Journal Socket (/dev/log).
[[0;32m  OK  [0m] Listening on Journal Socket (/dev/log).
[   80.672186] systemd[1]: Created slice User and Session Slice.
[[0;32m  OK  [0m] Created slice User and Session Slice.
[   80.796014] systemd[1]: Reached target Slices.
[[0;32m  OK  [0m] Reached target Slices.
[   80.940347] systemd[1]: Set up automount Arbitrary Executable File Formats File System Automount Point.
[[0;32m  OK  [0m] Set up automount Arbitrary Executab...ats File System Automount Point.
[   81.312656] systemd[1]: Listening on Syslog Socket.
[[0;32m  OK  [0m] Listening on Syslog Socket.
[   81.502964] systemd[1]: Reached target System Time Synchronized.
[[0;32m  OK  [0m] Reached target System Time Synchronized.
[   81.704745] systemd[1]: Listening on Journal Socket.
[[0;32m  OK  [0m] Listening on Journal Socket.
[   81.804163] systemd[1]: Starting Load Kernel Modules...
         Startin[   81.914410] bridge: automatic filtering via arp/ip/ip6tables has been deprecated. Update your scripts to load br_netfilter if you need this.
g Load Kernel Mo[   82.265693] Bridge firewalling registered
dules...
[   83.026650] Loading iSCSI transport class v2.0-870.
[   84.186497] iscsi: registered transport (tcp)
[   84.311998] systemd[1]: Mounting POSIX Message Queue File System...
         Mounting POSIX Message [   84.491681] iscsi: registered transport (iser)
Queue File System...
[   84.663948] systemd[1]: Mounting Debug File System...
         Mounting Debug File System...
[   84.904409] systemd[1]: Starting Set console keymap...
         Starting Set console keymap...
[   85.099863] systemd[1]: Starting Nameserver information manager...
         Starting Nameserver information manager...
[   85.200419] systemd[1]: Starting Create list of required static device nodes for the current kernel...
         Starting Create list of required st... nodes for the current kernel...
[   85.572346] systemd[1]: Mounting Huge Pages File System...
         Mounting Huge Pages File System...
[   85.801224] systemd[1]: Started Forward Password Requests to Wall Directory Watch.
[[0;32m  OK  [0m] Started Forward Password Requests to Wall Directory Watch.
[   86.136408] systemd[1]: Listening on /dev/initctl Compatibility Named Pipe.
[[0;32m  OK  [0m] Listening on /dev/initctl Compatibility Named Pipe.
[   86.276497] systemd[1]: Reached target Swap.
[[0;32m  OK  [0m] Reached target Swap.
[   86.504316] systemd[1]: Starting Monitoring of LVM2 mirrors, snapshots etc. using dmeventd or progress polling...
         Starting Monitoring of LVM2 mirrors... dmeventd or progress polling...
[   86.620040] systemd[1]: Starting Uncomplicated firewall...
         Starting Uncomplicated firewall...
[   86.699927] systemd[1]: Listening on udev Control Socket.
[[0;32m  OK  [0m] Listening on udev Control Socket.
[   86.879944] systemd[1]: Starting Remount Root and Kernel File Systems...
[   86.889046] EXT4-fs (sda1): re-mounted. Opts: (null)
         Starting Remount Root and Kernel File Systems...
[   87.268345] systemd[1]: Reached target Encrypted Volumes.
[[0;32m  OK  [0m] Reached target Encrypted Volumes.
[   87.352032] systemd[1]: Listening on Journal Audit Socket.
[[0;32m  OK  [0m] Listening on Journal Audit Socket.
[   87.520274] systemd[1]: Starting Journal Service...
         Starting Journal Service...
[   87.692767] systemd[1]: Listening on udev Kernel Socket.
[[0;32m  OK  [0m] Listening on udev Kernel Socket.
[   87.841937] systemd[1]: Mounted POSIX Message Queue File System.
[[0;32m  OK  [0m] Mounted POSIX Message Queue File System.
[   88.088678] systemd[1]: Mounted Huge Pages File System.
[[0;32m  OK  [0m] Mounted Huge Pages File System.
[   88.292488] systemd[1]: Mounted Debug File System.
[[0;32m  OK  [0m] Mounted Debug File System.
[   88.436043] systemd[1]: Started Journal Service.
[[0;32m  OK  [0m] Started Journal Service.
[[0;32m  OK  [0m] Started Load Kernel Modules.
[[0;32m  OK  [0m] Started Set console keymap.
[[0;32m  OK  [0m] Started Create list of required sta...ce nodes for the current kernel.
[[0;32m  OK  [0m] Started Uncomplicated firewall.
[[0;32m  OK  [0m] Started Remount Root and Kernel File Systems.
[[0;32m  OK  [0m] Started Nameserver information manager.
[[0;32m  OK  [0m] Started LVM2 metadata daemon.
         Starting Initial cloud-init job (pre-networking)...
         Starting udev Coldplug all Devices...
         Starting Load/Save Random Seed...
         Starting Create Static Device Nodes in /dev...
         Starting Apply Kernel Variables...
         Mounting FUSE Control File System...
         Starting Flush Journal to Persistent Storage...
[[0;32m  OK  [0m] Mounted FUSE Control File System.
[[0;32m  OK  [0m] Started Monitoring of LVM2 mirrors,...ng dmeventd or progress polling.
[[0;32m  OK  [0m] Started Load/Save Random Seed.
[[0;32m  OK  [0m] Started Create Static Device Nodes in /dev.
[[0;32m  OK  [0m] Started Apply Kernel Variables.
[[0;32m  OK  [0m] Started udev Coldplug all Devices.
[[0;32m  OK  [0m] Started Flush Journal to Persistent Storage.
         Starting udev Kernel Device Manager...
[[0;32m  OK  [0m] Started udev Kernel Device Manager.
[[0;32m  OK  [0m] Reached target Local File Systems (Pre).
[[0;32m  OK  [0m] Reached target Local File Systems.
         Starting Tell Plymouth To Write Out Runtime Data...
[   45.270732] cloud-init[444]: Cloud-init v. 17.1 running 'init-local' at Tue, 23 Jan 2018 19:27:40 +0000. Up 44.96 seconds.
         Starting LSB: ebtables ruleset management...
         Starting Create Volatile Files and Directories...
         Starting Set console font and keymap...
[[0;32m  OK  [0m] Started Dispatch Password Requests to Console Directory Watch.
[[0;32m  OK  [0m] Started Tell Plymouth To Write Out Runtime Data.
[[0;32m  OK  [0m] Started Create Volatile Files and Directories.
[[0;32m  OK  [0m] Started Set console font and keymap.
[[0;32m  OK  [0m] Started Initial cloud-init job (pre-networking).
[[0;32m  OK  [0m] Started LSB: ebtables ruleset management.
[[0;32m  OK  [0m] Found device /dev/ttyS0.
[[0;32m  OK  [0m] Listening on Load/Save RF Kill Switch Status /dev/rfkill Watch.
[[0;32m  OK  [0m] Started Device-mapper event daemon.
[[0;32m  OK  [0m] Reached target Network (Pre).
[[0;32m  OK  [0m] Started ifup for enp0s8.
         Starting Raise network interfaces...
[[0;32m  OK  [0m] Started ifup for enp0s3.
[[0;32m  OK  [0m] Created slice system-getty.slice.
         Starting Update UTMP about System Boot/Shutdown...
[[0;32m  OK  [0m] Started Update UTMP about System Boot/Shutdown.
[[0;32m  OK  [0m] Started Raise network interfaces.
[[0;32m  OK  [0m] Reached target Network.
         Starting Initial cloud-init job (metadata service crawler)...
[   48.893704] cloud-init[1064]: Cloud-init v. 17.1 running 'init' at Tue, 23 Jan 2018 19:27:44 +0000. Up 48.58 seconds.
[   48.996522] cloud-init[1064]: ci-info: ++++++++++++++++++++++++++++++++++++++Net device info++++++++++++++++++++++++++++++++++++++
[[0;32m  OK  [0m] Started Initial cloud-init job (metadata service crawler).
[[   49.116300] cloud-init[1064]: ci-info: +--------+------+-----------------------------+---------------+-------+-------------------+
[   49.302642] cloud-init[1064]: ci-info: | Device |  Up  |           Address           |      Mask     | Scope |     Hw-Address    |
[0;32m  OK  [0m] Reached target Cloud-config availability.
[   49.302905] cloud-init[1064]: ci-info: +--------+------+-----------------------------+---------------+-------+-------------------+
[   49.534008] cloud-init[1064]: ci-info: | enp0s3 | True |          10.0.2.15          | 255.255.255.0 |   .   | 02:38:07:4c:82:85 |
[[0;32m  OK  [0m] Reached target System Initialization.
[   49.534245] cloud-init[1064]: ci-info: | enp0s3 | True |  fe80::38:7ff:fe4c:8285/64  |       .       |  link | 02:38:07:4c:82:85 |
[   49.968399] cloud-init[1064]: ci-info: | enp0s8 | True |          10.20.1.23         | 255.255.255.0 |   .   | 08:00:27:60:6a:43 |
[   49.968922] cloud-init[1064]: ci-info: | enp0s8 | True | fe80::a00:27ff:fe60:6a43/64 |       .       |  link | 08:00:27:60:6a:43 |
         Starting LXD - unix socket.
[[   49.969271] cloud-init[1064]: ci-info: |   lo   | True |          127.0.0.1          |   255.0.0.0   |   .   |         .         |
[   50.349845] cloud-init[1064]: ci-info: |   lo   | True |           ::1/128           |       .       |  host |         .         |
[0;32m  OK  [0m] Started Daily Cleanup of Temporary Directories.
[   50.350000] cloud-init[1064]: ci-info: +--------+------+-----------------------------+---------------+-------+-------------------+
[   50.804572] cloud-init[1064]: ci-info: +++++++++++++++++++++++++++Route IPv4 info++++++++++++++++++++++++++++
[   50.805287] cloud-init[1064]: ci-info: +-------+-------------+----------+---------------+-----------+-------+
         Starting Docker Socket for the API.
[   50.805658] cloud-init[1064]: ci-info: | Route | Destination | Gateway  |    Genmask    | Interface | Flags |
[   51.216345] cloud-init[1064]: ci-info: +-------+-------------+----------+---------------+-----------+-------+
[   51.216882] cloud-init[1064]: ci-info: |   0   |   0.0.0.0   | 10.0.2.2 |    0.0.0.0    |   enp0s3  |   UG  |
[[0;32m  OK  [0m] Started Timer to automatically refresh installed snaps.
         Starting Socket activation for snappy daemon.
[   51.217148] cloud-init[1064]: ci-info: |   1   |   10.0.2.0  | 0.0.0.0  | 255.255.255.0 |   enp0s3  |   U   |
[   51.774076] cloud-init[1064]: ci-info: |   2   |  10.20.1.0  | 0.0.0.0  | 255.255.255.0 |   enp0s8  |   U   |
[   51.774515] cloud-init[1064]: ci-info: +-------+-------------+----------+---------------+-----------+-------+
[[0;32m  OK  [0m] Listening on ACPID Listen Socket.
[[0;32m  OK  [0m] Listening on UUID daemon activation socket.
[[0;32m  OK  [0m] Started ACPI Events Check.
[[0;32m  OK  [0m] Reached target Paths.
[[0;32m  OK  [0m] Listening on D-Bus System Message Bus Socket.
[[0;32m  OK  [0m] Reached target Network is Online.
         Starting iSCSI initiator daemon (iscsid)...
[[0;32m  OK  [0m] Started Daily apt download activities.
[[0;32m  OK  [0m] Started Daily apt upgrade and clean activities.
[[0;32m  OK  [0m] Reached target Timers.
[[0;32m  OK  [0m] Listening on LXD - unix socket.
[[0;32m  OK  [0m] Listening on Docker Socket for the API.
[[0;32m  OK  [0m] Listening on Socket activation for snappy daemon.
[[0;32m  OK  [0m] Reached target Sockets.
[[0;32m  OK  [0m] Reached target Basic System.
[[0;32m  OK  [0m] Started Deferred execution scheduler.
[[0;32m  OK  [0m] Started Unattended Upgrades Shutdown.
[[0;32m  OK  [0m] Started D-Bus System Message Bus.
         Starting LXD - container startup/shutdown...
         Starting vboxadd.service...
[[0;32m  OK  [0m] Started Regular background program processing daemon.
         Starting System Logging Service...
         Starting Snappy daemon...
         Starting Accounts Service...
         Starting LSB: Record successful boot for GRUB...
         Starting Docker Application Container Engine...
         Starting Apply the settings specified in cloud-config...
[[0;32m  OK  [0m] Started FUSE filesystem for LXC.
         Starting /etc/rc.local Compatibility...
         Starting LSB: MD monitoring daemon...
         Starting OpenBSD Secure Shell server...
         Starting Login Service...
[[0;32m  OK  [0m] Started ACPI event daemon.
[[0;32m  OK  [0m] Started System Logging Service.
[[0;32m  OK  [0m] Started Snappy daemon.
[   53.991014] cloud-init[1183]: Cloud-init v. 17.1 running 'modules:config' at Tue, 23 Jan 2018 19:27:49 +0000. Up 53.85 seconds.
[[0;32m  OK  [0m] Started OpenBSD Secure Shell server.
[[0;32m  OK  [0m] Started iSCSI initiator daemon (iscsid).
[[0;32m  OK  [0m] Started LXD - container startup/shutdown.
[[0;32m  OK  [0m] Started vboxadd.service.
[[0;32m  OK  [0m] Started Apply the settings specified in cloud-config.
[[0;32m  OK  [0m] Started /etc/rc.local Compatibility.
[[0;32m  OK  [0m] Started LSB: Record successful boot for GRUB.
[[0;32m  OK  [0m] Started LSB: MD monitoring daemon.
         Starting Authenticate and Authorize Users to Run Privileged Tasks...
         Starting vboxadd-service.service...
         Starting Login to default iSCSI targets...
[[0;32m  OK  [0m] Started vboxadd-service.service.
[[0;32m  OK  [0m] Started Login Service.
[[0;32m  OK  [0m] Started Authenticate and Authorize Users to Run Privileged Tasks.
[[0;32m  OK  [0m] Started Accounts Service.
[[0;32m  OK  [0m] Started Login to default iSCSI targets.
[[0;32m  OK  [0m] Reached target Remote File Systems (Pre).
[[0;32m  OK  [0m] Reached target Remote File Systems.
         Starting LSB: Set the CPU Frequency Scaling governor to "ondemand"...
         Starting LSB: automatic crash report generation...
         Starting LSB: Set up cgroupfs mounts....
         Starting LSB: daemon to balance interrupts for SMP systems...
         Starting Permit User Sessions...
[[0;32m  OK  [0m] Started LSB: Set up cgroupfs mounts..
[[0;32m  OK  [0m] Started Permit User Sessions.
[[0;32m  OK  [0m] Started Docker Application Container Engine.
[[0;32m  OK  [0m] Started LSB: Set the CPU Frequency Scaling governor to "ondemand".
[[0;32m  OK  [0m] Started LSB: automatic crash report generation.
[[0;32m  OK  [0m] Started LSB: daemon to balance interrupts for SMP systems.
[[0;32m  OK  [0m] Created slice User Slice of vagrant.
         Starting User Manager for UID 1000...
[[0;32m  OK  [0m] Started Session 1 of user vagrant.
         Starting etcd docker wrapper...
         Starting Kubernetes Kubelet Server...
         Starting Hold until boot process finishes up...
         Starting Terminate Plymouth Boot Screen...
[[0;32m  OK  [0m] Started User Manager for UID 1000.
[[0;32m  OK  [0m] Started Kubernetes Kubelet Server.
[[0;32m  OK  [0m] Started etcd docker wrapper.
[[0;32m  OK  [0m] Started Hold until boot process finishes up.
[[0;32m  OK  [0m] Started Terminate Plymouth Boot Screen.
[[0;32m  OK  [0m] Started Getty on tty1.
         Starting Set console scheme...
[[0;32m  OK  [0m] Started Serial Getty on ttyS0.
[[0;32m  OK  [0m] Reached target Login Prompts.
[[0;32m  OK  [0m] Reached target Multi-User System.
[[0;32m  OK  [0m] Reached target Graphical Interface.
         Starting Update UTMP about System Runlevel Changes...
         Starting Execute cloud user/final scripts...
[[0;32m  OK  [0m] Started Set console scheme.
[[0;32m  O[[0;32m  OK  [0m] Stopped target Cloud-init target.
         Stopping ACP [[0;32m  OK  [0m] Stopped Daily apt download activities.
[[0;32m  OK  [0m] Stopped target System Time Synchronized.
         Stopping vboxadd-service.service...
         Stopping etcd docker wrapper...
         Stopping Deferred execution scheduler...
[[0;32m  OK  [0m] Unmounted /var/lib/lxcfs.
[[0;32m  OK  [0m] Unmounted /var/lib/docker/container...8a0e40c23578c181d1ac3294c74/shm.
[[0;32m  OK  [0m] Unmounted /var/lib/docker/overlay2/...29d147b1e9793bed6dca5494/merged.
[[0;32m  OK  [0m         Stopping User Manager for UID 1000...
[[0;32m  OK  [0m] Stopped target Timers.
[[0         Stopping Unattended Upgrades Shutdown...
         Stopping Regular background program processing daemon...
         Stopping LSB: automatic crash report generation...
[[0;32m  OK  [0m] Stopped target Cloud-config availability.
         Stopping Session 2 of user vagrant.
[[0;32m  OK  [0m] Stopped target System Time Synchronized.
[[0;32m  OK  [0m] Unmounted /var/lib/docker/container...872b03659178e3d0c684d98c139/shm.
[[0;32m  OK  [0m] Unmounted /var/lib/docker/overlay2/...2b6a456f32c44eca11ab5bc4/merged.
[[0;32m  OK  [0m] Unmounted /var/lib/lxcfs.
[[0;32m  OK  [0m] Stopped Deferred execution scheduler.
[[0;32m  OK  [0m] Stopped Regular background program processing daemon.
[[0;32m  OK  [0m] Stopped System Logging Service.
[[0;32m  OK  [0m] Stopped Snappy daemon.
[[0;32m  OK  [0m] Stopped Accounts Service.
[[0;32m  OK  [0m] Stopped ACPI event daemon.
[[0;32m  OK  [0m] Stopped Authenticate and Authorize Users to Run Privileged Tasks.
[[0;32m  OK  [0m] Stopped Kubernetes Kubelet Server.
[[0;32m  OK  [0m] Stopped Getty on tty1.
[[0;32m  OK  [0m] Stopped Serial Getty on ttyS0.
[[0;32m  OK  [0m] Stopped User Manager for UID 1000.
[[0;32m  OK  [0m] Stopped OpenBSD Secure Shell server.
[[0;32m  OK  [0m] Stopped LSB: Set up cgroupfs mounts..
[[0;32m  OK  [0m] Stopped Session 15 of user vagrant.
[[0;32m  OK  [0m] Stopped vboxadd-service.service.
[[0;32m  OK  [0m] Stopped etcd docker wrapper.
[[0;32m  OK  [0m] Stopped D-Bus System Message Bus.
[[0;32m  OK  [0m] Stopped Unattended Upgrades Shutdown.
[[0;32m  OK  [0m] Stopped FUSE filesystem for LXC.
[[0;32m  OK  [0m] Stopped LSB: MD monitoring daemon.
[[0;32m  OK  [0m] Stopped LXD - container startup/shutdown.
[[0;32m  OK  [0m] Stopped LSB: Record successful boot for GRUB.
[[0;32m  OK  [0m] Stopped LSB: daemon to balance interrupts for SMP systems.
[[0;32m  OK  [0m] Stopped LSB: Set the CPU Frequency Scaling governor to "ondemand".
[[0;32m  OK  [0m] Stopped LSB: automatic crash report generation.
         Stopping vboxadd.service...
[[0;32m  OK  [0m] Removed slice system-serial\x2dgetty.slice.
[[0;32m  OK  [0m] Stopped /etc/rc.local Compatibility.
[[0;32m  OK  [0m] Removed slice system-getty.slice.
         Stopping Docker Application Container Engine...
[[0;32m  OK  [0m] Unmounted /vagrant.
[[0;32m  OK  [0m] Unmounted /src.
[[0;32m  OK  [0m] Unmounted /run/docker/netns/3769ff652974.
[[0;32m  OK  [0m] Unmounted /var/lib/docker/container...4b468bda76d69b4d3b9fdb5de2b/shm.
[[0;32m  OK  [0m] Unmounted /var/lib/docker/overlay2/...82e141bd33d7162f2d954394/merged.
[[0;32m  OK  [0m] Unmounted /var/lib/docker/overlay2/...8a1e6d48262a16a4661c2581/merged.
[[0;32m  OK  [0m] Unmounted /run/docker/netns/dd771ba89ab6.
[[0;32m  OK  [0m] Unmounted /var/lib/docker/container...f2f78a32b26d0e15f7fdad5c97a/shm.
[[0;32m  OK  [0m] Unmounted /var/lib/docker/overlay2/...e70364345faedc4dbe8bdcc7/merged.
[[0;32m  OK  [0m] Unmounted /var/lib/docker/overlay2/...71969036508e7540f3f19808/merged.
[[0;32m  OK  [0m] Unmounted /var/lib/docker/overlay2/...c5c630458d88f14f4fd9fef4/merged.
[[0;32m  OK  [0m] Unmounted /var/lib/docker/container...1d19c6b3b312cd88a840077cf33/shm.
[[0;32m  OK  [0m] Unmounted /var/lib/docker/overlay2/...07f7029494d54f9897eb2ee1/merged.
[[0;32m  OK  [0m] Unmounted /var/lib/docker/overlay2/...c9871c49950683f8e986a36c/merged.
[[0;32m  OK  [0m] Unmounted /var/lib/docker/overlay2/...05fe4871d6733b12fd879ec6/merged.
[[0;32m  OK  [0m] Unmounted /var/lib/docker/container...75110cd3062dbf5bf6642cf5666/shm.
[[0;32m  OK  [0m] Unmounted /var/lib/docker/container...d27a64076257cc36660dedc7a30/shm.
[[0;32m  OK  [0m] Unmounted /var/lib/docker/overlay2/...c5e819a32ba27877b3f22ba0/merged.
[[0;32m  OK  [0m] Unmounted /var/lib/docker/overlay2/...2772d615868d6f9980ca6b99/merged.
[[0;32m  OK  [0m] Unmounted /var/lib/docker/container...0779462595e34babc5bbabd0945/shm.
[[0;32m  OK  [0m] Unmounted /var/lib/docker/overlay2/...c22f1252f0b27378b54821e6/merged.
[[0;32m  OK  [0m] Unmounted /var/lib/docker/container...a4ad482b317fec4a0306a6e5e22/shm.
[[0;32m  OK  [0m] Unmounted /var/lib/docker/overlay2/...7a7a39653d821ace50c06617/merged.
[[0;32m  OK  [0m] Stopped vboxadd.service.
[[0;32m  OK  [0m] Stopped Session 2 of user vagrant.
[[0;32m  OK  [0m] Stopped User Manager for UID 1000.
[[0;32m  OK  [0m] Removed slice User Slice of vagrant.
         Stopping Permit User Sessions...
         Stopping Login Service...
[[0;32m  OK  [0m] Stopped Permit User Sessions.
[[0;32m  OK  [0m] Stopped Login Service.
[[0;32m  OK  [0m] Stopped target Remote File Systems.
[[0;32m  OK  [0m] Stopped target Remote File Systems (Pre).
         Stopping Login to default iSCSI targets...
[[0;32m  OK  [0m] Stopped target User and Group Name Lookups.
[[0;32m  OK  [0m] Stopped Login to default iSCSI targets.
         Stopping iSCSI initiator daemon (iscsid)...
[[0;32m  OK  [0m] Stopped iSCSI initiator daemon (iscsid).
[[0;32m  OK  [0m] Stopped target Network is Online.
[[0;32m  OK  [0m] Unmounted /var/lib/docker/overlay2/...b5b204fad9590f5368c1b57c/merged.
[[0;32m  OK  [0m] Unmounted /var/lib/docker/overlay2/...c9f7a871578ce80ba7caa858/merged.
[[0;32m  OK  [0m] Unmounted /var/lib/docker/overlay2/...c914928d7c34697b7f448595/merged.
[[0;32m  OK  [0m] Unmounted /var/lib/docker/overlay2.
[[0;32m  OK  [0m] Stopped Docker Application Container Engine.
[[0;32m  OK  [0m] Stopped target Basic System.
[[0;32m  OK  [0m] Stopped target Slices.
[[0;32m  OK  [0m] Removed slice User and Session Slice.
[[0;32m  OK  [0m] Stopped target Paths.
[[0;32m  OK  [0m] Stopped Forward Password Requests to Wall Directory Watch.
[[0;32m  OK  [0m] Stopped Dispatch Password Requests to Console Directory Watch.
[[0;32m  OK  [0m] Stopped ACPI Events Check.
[[0;32m  OK  [0m] Stopped target Sockets.
[[0;32m  OK  [0m] Closed Syslog Socket.
[[0;32m  OK  [0m] Closed Socket activation for snappy daemon.
[[0;32m  OK  [0m] Closed LXD - unix socket.
[[0;32m  OK  [0m] Closed ACPID Listen Socket.
[[0;32m  OK  [0m] Closed D-Bus System Message Bus Socket.
[[0;32m  OK  [0m] Closed UUID daemon activation socket.
[[0;32m  OK  [0m] Stopped target Network.
[[0;32m  OK  [0m] Closed Docker Socket for the API.
[[0;32m  OK  [0m] Stopped target System Initialization.
[[0;32m  OK  [0m] Stopped target Swap.
         Stopping LSB: ebtables ruleset management...
[[0;32m  OK  [0m] Stopped target Encrypted Volumes.
         Stopping Load/Save Random Seed...
         Stopping Update UTMP about System Boot/Shutdown...
[[0;32m  OK  [0m] Stopped Initial cloud-init job (metadata service crawler).
         Stopping Raise network interfaces...
[[0;32m  OK  [0m] Stopped Load/Save Random Seed.
[[0;32m  OK  [0m] Stopped Update UTMP about System Boot/Shutdown.
[[0;32m  OK  [0m] Stopped Create Volatile Files and Directories.
[[0;32m  OK  [0m] Stopped LSB: ebtables ruleset management.
[[0;32m  OK  [0m] Stopped Raise network interfaces.
[[0;32m  OK  [0m] Stopped target Local File Systems.
         Unmounting /var/lib/kubelet/pods/f7...ecret/calico-node-token-fvfc4...
         Unmounting /run/docker/netns/default...
         Unmounting /var/lib/kubelet/pods/87...o~secret/kube-dns-token-jqbl4...
         Unmounting /run/user/1000...
[[0;32m  OK  [0m] Stopped target Network (Pre).
[[0;32m  OK  [0m] Stopped Initial cloud-init job (pre-networking).
[[0;32m  OK  [0m] Stopped Apply Kernel Variables.
[[0;32m  OK  [0m] Stopped Load Kernel Modules.
[[0;32m  OK  [0m] Unmounted /var/lib/kubelet/pods/f7c...~secret/calico-node-token-fvfc4.
[[0;32m  OK  [0m] Unmounted /run/docker/netns/default.
[[0;32m  OK  [0m] Unmounted /var/lib/kubelet/pods/878....io~secret/kube-dns-token-jqbl4.
[[0;32m  OK  [0m] Unmounted /run/user/1000.
[[0;32m  OK  [0m] Reached target Unmount All Filesystems.
[[0;32m  OK  [0m] Stopped target Local File Systems (Pre).
         Stopping Monitoring of LVM2 mirrors... dmeventd or progress polling...
[[0;32m  OK  [0m] Stopped Remount Root and Kernel File Systems.
[[0;32m  OK  [0m] Stopped Create Static Device Nodes in /dev.
[[0;32m  OK  [0m] Reached target Shutdown.
[4180.4657reotPor down
ted /var/lib/kubelet/pods/878...cret/kubernetes-dashboard-certs.
[[0;32m  OK  [0m] Reached target Unmount All Filesystems.
[[0;32m  OK  [0m] Stopped target Local File Systems (Pre).
         Stopping Monitoring of LVM2 mirrors... dmeventd or progress polling...
[[0;32m  OK  [0m] Stopped Remount Root and Kernel File Systems.
[[0;32m  OK  [0m] Stopped Create Static Device Nodes in /dev.
[[0;32m  OK  [0m] Reached target Shutdown.
[87573.534625] reboot: Power down
icd 2,erion , ddress0xc00000GS 0-2
[   00000] APIINT_C_VR (s  b_iq 0 obl_ir2 fl fl
[  0.0000] PI: T_RC_OV (us 0 b_i 9 glol_q 9 loleel)    00000]Usg ACPI (DT forSMcofigutin inrmion[  0.000] mpbo: lowing2 Us 0 htpg CPUs[    00000 PM: Riseredose memo: em 0x00000-0x000f]
  0.0000 P Regstednosa mory:[mm x00000-0x000ff]
[  .000000]PMRegited osave moy: [m x000000x00ff]
[    00000] PM Risteedosve mor: [m 000f000-000fffff
  0.0000] 820:me0x80000-xfebff avaab forCIevic
[   .00000Botingarvirtlied krneln KVM[  0.0000clocouce: fied-jfis: mk:0xfffff max_ycs:0xffff, mx_lens: 451960118 ns
[  .00000seup_peru:NR_CPU51 n_cpumask_bi:5 n__cpids:2 r_no_i:1
[   0000 PCPU: Eeded 34 ag/cpu@ff8007f00 s994 81923128 u486
[   0.000] Pqsnlocha tablentes: 6 rder: , 96bys)
[  0.00000]But  zonlis inodorde, biity roing n.Toal pages 55961
[  .00000 Plicyon DMA
   0.0000Kern cmandin BOOIME=/boovminz-4.-11geeric rotUID=676eac73-1d-4bdbd-abcbe4440o consolett consol=tS0
[   .00000]ID ash tbl etries:09 (orer3, 327 bes)
[  000000]emry: 2996K0996K aible 49 kernel de, 30K rwat, 988Kodat 108K it1316bs 672K served0Kma-resve
[  00000] UB HWaig64 Order-3 Minjes=0,PU2, Nde1
[    .0000] KneUser pe blessotionenled
[   0000 Hrarcic RU mpmentation.
[    0.000000] 	Buid-me ausent ofle fanuto 4.
  0.00000] 	R rstricting CPs om NR_CP=5 to ncpids=.
[    0.0000]RC: justingemetry forcfanoutle=64, r_u_ds=2
[  .0000]R_IR:3302 n_irq4416
[  00000] onsoe:olourVG 8x25   0.000 conol[ty1] abed
[   .00000] nsol[tyS] abed
  0.000000] tsc: Detected 2904.000 MHz processor
[   34.329471] Calibrating delay loop (skipped) preset value.. 5808.00 BogoMIPS (lpj=11616000)
[   34.565452] pid_max: default: 32768 minimum: 301
[   34.678963] ACPI: Core revision 20150930
[   34.772680] ACPI: 2 ACPI AML tables successfully acquired and loaded
[   34.938434] Security Framework initialized
[   35.036208] Yama: becoming mindful.
[   35.122716] AppArmor: AppArmor initialized
[   35.199308] Dentry cache hash table entries: 262144 (order: 9, 2097152 bytes)
[   35.358648] Inode-cache hash table entries: 131072 (order: 8, 1048576 bytes)
[   35.504679] Mount-cache hash table entries: 4096 (order: 3, 32768 bytes)
[   35.670606] Mountpoint-cache hash table entries: 4096 (order: 3, 32768 bytes)
[   35.837757] Initializing cgroup subsys io
[   35.920790] Initializing cgroup subsys memory
[   36.018916] Initializing cgroup subsys devices
[   36.085006] Initializing cgroup subsys freezer
[   36.142260] Initializing cgroup subsys net_cls
[   36.172327] Initializing cgroup subsys perf_event
[   36.219277] Initializing cgroup subsys net_prio
[   36.247784] Initializing cgroup subsys hugetlb
[   36.287274] Initializing cgroup subsys pids
[   36.338530] CPU: Physical Processor ID: 0
[   36.392995] CPU: Processor Core ID: 0
[   36.442499] FEATURE SPEC_CTRL Not Present
[   36.469761] mce: CPU supports 0 MCE banks
[   36.519059] Last level iTLB entries: 4KB 64, 2MB 8, 4MB 8
[   36.579213] Last level dTLB entries: 4KB 64, 2MB 0, 4MB 0, 1GB 4
[   36.660371] Freeing SMP alternatives memory: 32K
[   36.729592] ftrace: allocating 32180 entries in 126 pages
[   36.861176] smpboot: APIC(0) Converting physical 0 to logical package 0
[   37.008231] smpboot: Max logical packages: 1
[   37.095422] x2apic enabled
[   37.166035] Switched APIC routing to physical x2apic.
[   37.280719] ..TIMER: vector=0x30 apic1=0 pin1=2 apic2=-1 pin2=-1
[   37.514128] smpboot: CPU0: Intel(R) Core(TM) i7-7820HQ CPU @ 2.90GHz (family: 0x6, model: 0x9e, stepping: 0x9)
[   37.649513] Performance Events: unsupported p6 CPU model 158 no PMU driver, software events only.
[   37.735736] KVM setup paravirtual spinlock
[   37.781635] x86: Booting SMP configuration:
[   37.831173] .... node  #0, CPUs:      #1
[   37.888667] kvm-clock: cpu 1, msr 0:7ffe3041, secondary cpu clock
[   37.951941] mce: CPU supports 0 MCE banks
[   38.011261] x86: Booted up 1 node, 2 CPUs
[   38.079350] smpboot: Total of 2 processors activated (11616.00 BogoMIPS)
[   38.186451] devtmpfs: initialized
[   38.255874] evm: security.selinux
[   38.315288] evm: security.SMACK64
[   38.360276] evm: security.SMACK64EXEC
[   38.428528] evm: security.SMACK64TRANSMUTE
[   38.491156] evm: security.SMACK64MMAP
[   38.568195] evm: security.ima
[   38.635283] evm: security.capability
[   38.683175] clocksource: jiffies: mask: 0xffffffff max_cycles: 0xffffffff, max_idle_ns: 7645041785100000 ns
[   38.825641] futex hash table entries: 512 (order: 3, 32768 bytes)
[   38.980159] pinctrl core: initialized pinctrl subsystem
[   39.063401] RTC time: 13:16:17, date: 01/21/18
[   39.140583] NET: Registered protocol family 16
[   39.246771] cpuidle: using governor ladder
[   39.338936] cpuidle: using governor menu
[   39.378554] PCCT header not found.
[   39.443348] ACPI: bus type PCI registered
[   39.515373] acpiphp: ACPI Hot Plug PCI Controller Driver version: 0.5
[   39.624473] PCI: Using configuration type 1 for base access
[   39.679798] ACPI: Added _OSI(Module Device)
[   39.729272] ACPI: Added _OSI(Processor Device)
[   39.772221] ACPI: Added _OSI(3.0 _SCP Extensions)
[   39.792503] ACPI: Added _OSI(Processor Aggregator Device)
[   39.849512] ACPI: Executed 1 blocks of module-level executable AML code
[   39.937235] ACPI: Interpreter enabled
[   39.948542] ACPI: (supports S0 S5)
[   39.994665] ACPI: Using IOAPIC for interrupt routing
[   40.051775] PCI: Using host bridge windows from ACPI; if necessary, use "pci=nocrs" and report a bug
[   40.138553] ACPI: PCI Root Bridge [PCI0] (domain 0000 [bus 00-ff])
[   40.184353] acpi PNP0A03:00: _OSC: OS supports [ASPM ClockPM Segments MSI]
[   40.215828] acpi PNP0A03:00: _OSC: not requesting OS control; OS requires [ExtendedConfig ASPM ClockPM MSI]
[   40.289388] acpi PNP0A03:00: fail to add MMCONFIG information, can't access extended PCI configuration space under this bridge.
[   40.479844] PCI host bridge to bus 0000:00
[   40.540405] pci_bus 0000:00: root bus resource [io  0x0000-0x0cf7 window]
[   40.667331] pci_bus 0000:00: root bus resource [io  0x0d00-0xffff window]
[   40.788252] pci_bus 0000:00: root bus resource [mem 0x000a0000-0x000bffff window]
[   40.865866] pci_bus 0000:00: root bus resource [mem 0x80000000-0xfdffffff window]
[   40.919517] pci_bus 0000:00: root bus resource [bus 00-ff]
[   40.953207] pci 0000:00:01.1: legacy IDE quirk: reg 0x10: [io  0x01f0-0x01f7]
[   41.027171] pci 0000:00:01.1: legacy IDE quirk: reg 0x14: [io  0x03f6]
[   41.095578] pci 0000:00:01.1: legacy IDE quirk: reg 0x18: [io  0x0170-0x0177]
[   41.148111] pci 0000:00:01.1: legacy IDE quirk: reg 0x1c: [io  0x0376]
[   41.212638] pci 0000:00:07.0: quirk: [io  0x4000-0x403f] claimed by PIIX4 ACPI
[   41.314278] pci 0000:00:07.0: quirk: [io  0x4100-0x410f] claimed by PIIX4 SMB
[   41.421898] ACPI: PCI Interrupt Link [LNKA] (IRQs 5 9 10 *11)
[   41.523106] ACPI: PCI Interrupt Link [LNKB] (IRQs 5 9 *10 11)
[   41.604211] ACPI: PCI Interrupt Link [LNKC] (IRQs 5 *9 10 11)
[   41.717267] ACPI: PCI Interrupt Link [LNKD] (IRQs 5 9 10 *11)
[   41.860059] ACPI: Enabled 2 GPEs in block 00 to 07
[   41.979562] vgaarb: setting as boot device: PCI:0000:00:02.0
[   42.112322] vgaarb: device added: PCI:0000:00:02.0,decodes=io+mem,owns=io+mem,locks=none
[   42.315812] vgaarb: loaded
[   42.383249] vgaarb: bridge control possible 0000:00:02.0
[   42.503237] SCSI subsystem initialized
[   42.567695] ACPI: bus type USB registered
[   42.669187] usbcore: registered new interface driver usbfs
[   42.795801] usbcore: registered new interface driver hub
[   42.895231] usbcore: registered new device driver usb
[   43.016668] PCI: Using ACPI for IRQ routing
[   43.104247] NetLabel: Initializing
[   43.148878] NetLabel:  domain hash size = 128
[   43.249689] NetLabel:  protocols = UNLABELED CIPSOv4
[   43.383373] NetLabel:  unlabeled traffic allowed by default
[   43.526179] amd_nb: Cannot enumerate AMD northbridges
[   43.661767] clocksource: Switched to clocksource kvm-clock
[   48121] pAorAprm Fesst Ebl
  .407 p: P PIni
[ 4424860 pp:PnACI:fond deics
[   45.324266] clocksource: acpi_pm: mask: 0xffffff max_cycles: 0xffffff, max_idle_ns: 2085701024 ns
[   45.455783] NET: Registered protocol family 2
[   45.507141] TCP established hash table entries: 16384 (order: 5, 131072 bytes)
[   45.547997] TCP bind hash table entries: 16384 (order: 6, 262144 bytes)
[   45.604218] TCP: Hash tables configured (established 16384 bind 16384)
[   45.641881] UDP hash table entries: 1024 (order: 3, 32768 bytes)
[   45.705210] UDP-Lite hash table entries: 1024 (order: 3, 32768 bytes)
[   45.771488] NET: Registered protocol family 1
[   45.813918] pci 0000:00:00.0: Limiting direct PCI/PCI transfers
[   45.848627] pci 0000:00:01.0: Activating ISA DMA hang workarounds
[   45.878941] Unpacking initramfs...
[   46.164775] Freeing initrd memory: 15228K
[   46.228136] platform rtc_cmos: registered platform RTC device (no PNP device found)
[   46.354582] Scanning for low memory corruption every 60 seconds
[   46.473681] audit: initializing netlink subsys (disabled)
[   46.585139] audit: type=2000 audit(1516782364.233:1): initialized
[   46.720010] Initialise system trusted keyring
[   46.823861] HugeTLB registered 2 MB page size, pre-allocated 0 pages
[   46.996549] zbud: loaded
[   7.60] FS: is qot dot.6
[   475282ts Rin TC clocksoure caibtin:9094MH

[   4.276 cckur: c:as 0ffffffffmacycles0xd814e,axdlns:405318ns

[   48.79] FSDqt-ace ash ab eri: 2 orr , 09 bes

[   48.248483] squashfs: version 4.0 (2009/01/31) Phillip Lougher
[   48.248851] fuse init (API version 7.23)
[   48.248965] Key type big_key registered
[   48.248989] Allocating IMA MOK and blacklist keyrings.
[   48.249162] Key type asymmetric registered
[   48.249167] Asymmetric key parser 'x509' registered
[   48.249198] Block layer SCSI generic (bsg) driver version 0.4 loaded (major 249)
[   48.249226] io scheduler noop registered
[   48.249228] io scheduler deadline registered (default)
[   48.249253] io scheduler cfq registered
[   48.249347] pci_hotplug: PCI Hot Plug PCI Core version: 0.5
[   48.249352] pciehp: PCI Express Hot Plug Controller Driver version: 0.4
[   48.249747] ACPI: AC Adapter [AC] (off-line)
[   48.249798] input: Power Button as /devices/LNXSYSTM:00/LNXPWRBN:00/input/input0
[   48.249801] ACPI: Power Button [PWRF]
[   48.249941] input: Sleep Button as /devices/LNXSYSTM:00/LNXSLPBN:00/input/input1
[   48.249943] ACPI: Sleep Button [SLPF]
[   48.250095] GHES: HEST is not enabled!
[   48.250164] Serial: 8250/16550 driver, 32 ports, IRQ sharing enabled
[   49.558630] 00:02: ttyS0 at I/O 0x3f8 (irq = 4, base_baud = 115200) is a 16550A
[   50.454861] Linux agpgart interface v0.103
[   50.623353] loop: module loaded
[   50.624071] scsi host0: ata_piix
[   50.624123] scsi host1: ata_piix
[   50.624151] ata1: PATA max UDMA/33 cmd 0x1f0 ctl 0x3f6 bmdma 0xd000 irq 14
[   50.624152] ata2: PATA max UDMA/33 cmd 0x170 ctl 0x376 bmdma 0xd008 irq 15
[   50.624226] libphy: Fixed MDIO Bus: probed
[   50.624228] tun: Universal TUN/TAP device driver, 1.6
[   50.624228] tun: (C) 1999-2004 Max Krasnyansky <maxk@qualcomm.com>
[   50.624272] PPP generic driver version 2.4.2
[   50.624320] ehci_hcd: USB 2.0 'Enhanced' Host Controller (EHCI) Driver
[   50.624324] ehci-pci: EHCI PCI platform driver
[   50.624340] ehci-platform: EHCI generic platform driver
[   50.624346] ohci_hcd: USB 1.1 'Open' Host Controller (OHCI) Driver
[   50.624350] ohci-pci: OHCI PCI platform driver
[   50.624356] ohci-platform: OHCI generic platform driver
[   50.624362] uhci_hcd: USB Universal Host Controller Interface driver
[   50.624417] i8042: PNP: PS/2 Controller [PNP0303:PS2K,PNP0f03:PS2M] at 0x60,0x64 irq 1,12
[   50.626630] ACPI: Battery Slot [BAT0] (battery present)
[   50.695464] serio: i8042 KBD port at 0x60,0x64 irq 1
[   50.695472] serio: i8042 AUX port at 0x60,0x64 irq 12
[   50.695711] mousedev: PS/2 mouse device common for all mice
[   50.696194] rtc_cmos rtc_cmos: rtc core: registered rtc_cmos as rtc0
[   50.696258] rtc_cmos rtc_cmos: alarms up to one day, 114 bytes nvram
[   50.696267] i2c /dev entries driver
[   50.696329] device-mapper: uevent: version 1.0.3
[   50.696384] device-mapper: ioctl: 4.34.0-ioctl (2015-10-28) initialised: dm-devel@redhat.com
[   50.696404] ledtrig-cpu: registered to indicate activity on CPUs
[   50.696672] NET: Registered protocol family 10
[   50.696836] NET: Registered protocol family 17
[   50.696850] Key type dns_resolver registered
[   50.785098] microcode: CPU0 sig=0x906e9, pf=0x2, revision=0x0
[   50.785191] microcode: CPU1 sig=0x906e9, pf=0x2, revision=0x0
[   50.785291] microcode: Microcode Update Driver: v2.01 <tigran@aivazian.fsnet.co.uk>, Peter Oruba
[   50.785446] registered taskstats version 1
[   50.785460] Loading compiled-in X.509 certificates
[   50.786123] Loaded X.509 cert 'Build time autogenerated kernel key: 4c603087bab8f0a02cb3b4e1fb4c40f507e71ef1'
[   50.786143] zswap: loaded using pool lzo/zbud
[   50.787853] Key type trusted registered
[   50.790604] Key type encrypted registered
[   50.790609] AppArmor: AppArmor sha1 policy hashing enabled
[   50.790612] ima: No TPM chip found, activating TPM-bypass!
[   50.790626] evm: HMAC attrs: 0x1
[   50.790956]   Magic number: 2:644:281
[   50.790978] tty tty18: hash matches
[   50.961930] rtc_cmos rtc_cmos: setting system clock to 2018-01-21 13:16:28 UTC (1516540588)
[   50.962047] BIOS EDD facility v0.16 2004-Jun-25, 0 devices found
[   50.962047] EDD information not available.
[   51.556192] input: AT Translated Set 2 keyboard as /devices/platform/i8042/serio0/input/input2
[   59.641715] Freeing unused kernel memory: 1508K
[   59.739963] Write protecting the kernel read-only data: 14336k
[   59.862243] Freeing unused kernel memory: 1728K
[   59.954436] Freeing unused kernel memory: 108K
Loading, please [   60.099407] random: systemd-udevd: uninitialized urandom read (16 bytes read, 7 bits of entropy available)
wait...
startin[   60.100159] random: udevadm: uninitialized urandom read (16 bytes read, 7 bits of entropy available)
g version 229
[   60.100180] random: udevadm: uninitialized urandom read (16 bytes read, 7 bits of entropy available)
[   60.111374] random: udevadm: uninitialized urandom read (16 bytes read, 7 bits of entropy available)
[   60.111438] random: udevadm: uninitialized urandom read (16 bytes read, 7 bits of entropy available)
[   60.111713] random: udevadm: uninitialized urandom read (16 bytes read, 7 bits of entropy available)
[   60.111786] random: udevadm: uninitialized urandom read (16 bytes read, 7 bits of entropy available)
[   60.111850] random: udevadm: uninitialized urandom read (16 bytes read, 7 bits of entropy available)
[   60.111915] random: udevadm: uninitialized urandom read (16 bytes read, 7 bits of entropy available)
[   60.111978] random: udevadm: uninitialized urandom read (16 bytes read, 7 bits of entropy available)
[   62.392408] e1000: Intel(R) PRO/1000 Network Driver - version 7.3.21-k8-NAPI
[   62.579363] e1000: Copyright (c) 1999-2006 Intel Corporation.
[   62.746087] Fusion MPT base driver 3.04.20
[   62.845084] Copyright (c) 1999-2008 LSI Corporation
[   62.916201] Fusion MPT SPI Host driver 3.04.20
[   63.006194] AVX2 version of gcm_enc/dec engaged.
[   63.103870] AES CTR mode by8 optimization enabled
[   63.205467] input: ImExPS/2 Generic Explorer Mouse as /devices/platform/i8042/serio1/input/input4
[   63.355747] e1000 0000:00:03.0 eth0: (PCI:33MHz:32-bit) 02:38:07:4c:82:85
[   63.502891] e1000 0000:00:03.0 eth0: Intel(R) PRO/1000 Network Connection
[   63.657719] mptbase: ioc0: Initiating bringup
[   63.794239] ioc0: LSI53C1030 A0: Capabilities={Initiator}
[   64.093982] scsi host2: ioc0: LSI53C1030 A0, FwRev=00000000h, Ports=1, MaxQ=256, IRQ=20
[   64.414488] scsi 2:0:0:0: Direct-Access     VBOX     HARDDISK         1.0  PQ: 0 ANSI: 5
[   64.619687] scsi target2:0:0: Beginning Domain Validation
[   64.739107] scsi target2:0:0: Domain Validation skipping write tests
[   64.810839] e1000 0000:00:08.0 eth1: (PCI:33MHz:32-bit) 08:00:27:a7:fa:53
[   64.810842] e1000 0000:00:08.0 eth1: Intel(R) PRO/1000 Network Connection
[   65.123178] e1000 0000:00:03.0 enp0s3: renamed from eth0
[   65.440366] scsi target2:0:0: Ending Domain Validation
[   65.563628] scsi target2:0:0: asynchronous
[   65.681803] scsi 2:0:1:0: Direct-Access     VBOX     HARDDISK         1.0  PQ: 0 ANSI: 5
[   65.686853] e1000 0000:00:08.0 enp0s8: renamed from eth1
[   66.032134] scsi target2:0:1: Beginning Domain Validation
[   66.032193] floppy0: no floppy controllers found
[   66.282030] scsi target2:0:1: Domain Validation skipping write tests
[   66.458997] scsi target2:0:1: Ending Domain Validation
[   66.559815] scsi target2:0:1: asynchronous
[   66.652939] scsi 2:0:2:0: Direct-Access     VBOX     HARDDISK         1.0  PQ: 0 ANSI: 5
[   66.855267] scsi target2:0:2: Beginning Domain Validation
[   66.995039] scsi target2:0:2: Domain Validation skipping write tests
[   67.140323] scsi target2:0:2: Ending Domain Validation
[   67.273848] scsi target2:0:2: asynchronous
[   67.395428] sd 2:0:0:0: Attached scsi generic sg0 type 0
[   67.519686] sd 2:0:0:0: [sda] 20971520 512-byte logical blocks: (10.7 GB/10.0 GiB)
[   67.699914] sd 2:0:1:0: Attached scsi generic sg1 type 0
[   67.825430] sd 2:0:1:0: [sdb] 20480 512-byte logical blocks: (10.5 MB/10.0 MiB)
[   68.026870] sd 2:0:2:0: Attached scsi generic sg2 type 0
[   68.191732] sd 2:0:0:0: [sda] Write Protect is off
[   68.191942] sd 2:0:1:0: [sdb] Write Protect is off
[   68.192189] sd 2:0:1:0: [sdb] Incomplete mode parameter data
[   68.192190] sd 2:0:1:0: [sdb] Assuming drive cache: write through
[   68.282120] sd 2:0:2:0: [sdc] 83886080 512-byte logical blocks: (42.9 GB/40.0 GiB)
[   68.282480] sd 2:0:2:0: [sdc] Write Protect is off
[   68.282657] sd 2:0:2:0: [sdc] Incomplete mode parameter data
[   68.282658] sd 2:0:2:0: [sdc] Assuming drive cache: write through
[   68.285688] sd 2:0:1:0: [sdb] Attached SCSI disk
[   68.285797] sd 2:0:2:0: [sdc] Attached SCSI disk
[   69.501897] sd 2:0:0:0: [sda] Incomplete mode parameter data
[   69.632964] sd 2:0:0:0: [sda] Assuming drive cache: write through
[   69.821249]  sda: sda1
[   69.866445] sd 2:0:0:0: [sda] Attached SCSI disk
Begin: Loading e[   71.368567] md: linear personality registered for level -1
ssential drivers[   71.507382] md: multipath personality registered for level -4
 ... [   71.660163] md: raid0 personality registered for level 0
[   71.776202] md: raid1 personality registered for level 1
[   71.966284] raid6: sse2x1   gen()  9956 MB/s
[   72.094312] raid6: sse2x1   xor()  8421 MB/s
[   72.285820] raid6: sse2x2   gen() 11823 MB/s
[   72.445847] raid6: sse2x2   xor()  8841 MB/s
[   72.614088] raid6: sse2x4   gen() 13912 MB/s
[   72.790565] raid6: sse2x4   xor()  9809 MB/s
[   72.949929] raid6: avx2x1   gen() 20116 MB/s
[   73.110280] raid6: avx2x2   gen() 23807 MB/s
[   73.297832] raid6: avx2x4   gen() 21628 MB/s
[   73.412950] raid6: using algorithm avx2x2 gen() 23807 MB/s
[   73.545568] raid6: using avx2x2 recovery algorithm
[   73.673660] xor: automatically using best checksumming function:
[   73.886093]    avx       : 19884.000 MB/sec
[   74.014987] async_tx: api initialized (async)
[   74.121357] md: raid6 personality registered for level 6
[   74.218639] md: raid5 personality registered for level 5
[   74.331940] md: raid4 personality registered for level 4
[   74.455659] md: raid10 personality registered for level 10
done.
Begin: Running /scripts/init-p[   74.657363] Btrfs loaded
remount ... done.
Begin: Mounting root file system ... Begin: R[   74.788670] EXT4-fs (sda1): mounted filesystem with ordered data mode. Opts: (null)
unning /scripts/local-top ... done.
Begin: Running /scripts/local-premount ... [   75.072017] random: nonblocking pool is initialized
Scanning for Btrfs filesystems
done.
Warning: fsck not present, so skipping root file system
done.
Begin: Running /scripts/local-bottom ... done.
Begin: Running /scripts/init-bottom ... done.
[   76.185012] systemd[1]: systemd 229 running in system mode. (+PAM +AUDIT +SELINUX +IMA +APPARMOR +SMACK +SYSVINIT +UTMP +LIBCRYPTSETUP +GCRYPT +GNUTLS +ACL +XZ -LZ4 +SECCOMP +BLKID +ELFUTILS +KMOD -IDN)
[   76.692989] systemd[1]: Detected virtualization oracle.
[   76.848050] systemd[1]: Detected architecture x86-64.

Welcome to [1mUbuntu 16.04.3 LTS[0m!

[ 77560]ysmd]:etosamtok8>.
[   77.862296] systemd[1]: Listening on udev Kernel Socket.
[[0;32m  OK  [0m] Listening on udev Kernel Socket.
[   78.022556] systemd[1]: Created slice User and Session Slice.
[[0;32m  OK  [0m] Created slice User and Session Slice.
[   78.274420] systemd[1]: Reached target System Time Synchronized.
[[0;32m  OK  [0m] Reached target System Time Synchronized.
[   78.478150] systemd[1]: Listening on Device-mapper event daemon FIFOs.
[[0;32m  OK  [0m] Listening on Device-mapper event daemon FIFOs.
[   78.714605] systemd[1]: Listening on Syslog Socket.
[[0;32m  OK  [0m] Listening on Syslog Socket.
[   78.922693] systemd[1]: Created slice System Slice.
[[0;32m  OK  [0m] Created slice System Slice.
[   79.089555] systemd[1]: Created slice system-serial\x2dgetty.slice.
[[0;32m  OK  [0m] Created slice system-serial\x2dgetty.slice.
[   79.311476] systemd[1]: Set up automount Arbitrary Executable File Formats File System Automount Point.
[[0;32m  OK  [0m] Set up automount Arbitrary Executab...ats File System Automount Point.
[   79.646396] systemd[1]: Listening on udev Control Socket.
[[0;32m  OK  [0m] Listening on udev Control Socket.
[   79.858765] systemd[1]: Listening on LVM2 poll daemon socket.
[[0;32m  OK  [0m] Listening on LVM2 poll daemon socket.
[   80.042312] systemd[1]: Reached target Encrypted Volumes.
[[0;32m  OK  [0m] Reached target Encrypted Volumes.
[   80.230152] systemd[1]: Started Trigger resolvconf update for networkd DNS.
[[0;32m  OK  [0m] Started Trigger resolvconf update for networkd DNS.
[   80.474578] systemd[1]: Listening on Journal Audit Socket.
[[0;32m  OK  [0m] Listening on Journal Audit Socket.
[   80.666242] systemd[1]: Listening on LVM2 metadata daemon socket.
[[0;32m  OK  [0m] Listening on LVM2 metadata daemon socket.
[   80.886025] systemd[1]: Reached target Swap.
[[0;32m  OK  [0m] Reached target Swap.
[   81.038201] systemd[1]: Listening on Journal Socket (/dev/log).
[[0;32m  OK  [0m] Listening on Journal Socket (/dev/log).
[   81.246373] systemd[1]: Listening on Journal Socket.
[[0;32m  OK  [0m] Listening on Journal Socket.
[   81.422632] systemd[1]: Mounting Debug File System...
         Mounting Debug File System...
[   81.594381] systemd[1]: Mounting POSIX Message Queue File System...
         Mounting POSIX Message Queue File System...
[   81.802730] systemd[1]: Starting Set console keymap...
         Starting Set console keymap...
[   81.970577] systemd[1]: Mounting Huge Pages File System...
         Mounting Huge Pages File System...
[   82.142315] systemd[1]: Starting Remount Root and Kernel File Systems...
[   82.151322] EXT4-fs (sda1): re-mounted. Opts: (null)
         Starting Remount Root and Kernel File Systems...
[   82.481961] systemd[1]: Starting Nameserver information manager...
         Starting Nameserver information manager...
[   82.658406] systemd[1]: Starting Load Kernel Modules...
         Startin[   82.756007] bridge: automatic filtering via arp/ip/ip6tables has been deprecated. Update your scripts to load br_netfilter if you need this.
g Load Kernel Mo[   83.112222] Bridge firewalling registered
dules...
[   83.232537] Loading iSCSI transport class v2.0-870.
[   83.383196] iscsi: registered transport (tcp)
[   83.498229] systemd[1]: Starting Create list of required static device nodes for the current kernel...
         Starting Create list of[   83.679421] iscsi: registered transport (iser)
 required st... nodes for the current kernel...
[   83.850333] systemd[1]: Starting Monitoring of LVM2 mirrors, snapshots etc. using dmeventd or progress polling...
         Starting Monitoring of LVM2 mirrors... dmeventd or progress polling...
[   84.034591] systemd[1]: Starting Uncomplicated firewall...
         Starting Uncomplicated firewall...
[   84.174278] systemd[1]: Started Forward Password Requests to Wall Directory Watch.
[[0;32m  OK  [0m] Started Forward Password Requests to Wall Directory Watch.
[   84.434728] systemd[1]: Listening on /dev/initctl Compatibility Named Pipe.
[[0;32m  OK  [0m] Listening on /dev/initctl Compatibility Named Pipe.
[   84.689966] systemd[1]: Reached target Slices.
[[0;32m  OK  [0m] Reached target Slices.
[   84.834198] systemd[1]: Starting Journal Service...
         Starting Journal Service...
[   84.950210] systemd[1]: Reached target User and Group Name Lookups.
[[0;32m  OK  [0m] Reached target User and Group Name Lookups.
[   85.179696] systemd[1]: Mounted POSIX Message Queue File System.
[[0;32m  OK  [0m] Mounted POSIX Message Queue File System.
[   85.366437] systemd[1]: Mounted Huge Pages File System.
[[0;32m  OK  [0m] Mounted Huge Pages File System.
[   85.546895] systemd[1]: Mounted Debug File System.
[[0;32m  OK  [0m] Mounted Debug File System.
[   85.718508] systemd[1]: Started Journal Service.
[[0;32m  OK  [0m] Started Journal Service.
[[0;32m  OK  [0m] Started Set console keymap.
[[0;32m  OK  [0m] Started Remount Root and Kernel File Systems.
[[0;32m  OK  [0m] Started Load Kernel Modules.
[[0;32m  OK  [0m] Started Create list of required sta...ce nodes for the current kernel.
[[0;32m  OK  [0m] Started Uncomplicated firewall.
[[0;32m  OK  [0m] Started Nameserver information manager.
[[0;32m  OK  [0m] Started LVM2 metadata daemon.
         Starting Create Static Device Nodes in /dev...
         Mounting FUSE Control File System...
         Starting Apply Kernel Variables...
         Starting Initial cloud-init job (pre-networking)...
         Starting Load/Save Random Seed...
         Starting udev Coldplug all Devices...
         Starting Flush Journal to Persistent Storage...
[[0;32m  OK  [0m] Mounted FUSE Control File System.
[[0;32m  OK  [0m] Started Monitoring of LVM2 mirrors,...ng dmeventd or progress polling.
[[0;32m  OK  [0m] Started Create Static Device Nodes in /dev.
[[0;32m  OK  [0m] Started Apply Kernel Variables.
[[0;32m  OK  [0m] Started Load/Save Random Seed.
[[0;32m  OK  [0m] Started Flush Journal to Persistent Storage.
[[0;32m  OK  [0m] Started udev Coldplug all Devices.
         Starting udev Kernel Device Manager...
[[0;32m  OK  [0m] Started udev Kernel Device Manager.
[[0;32m  OK  [0m] Reached target Local File Systems (Pre).
[[0;32m  OK  [0m] Reached target Local File Systems.
         Starting Create Volatile Files and Directories...
         Starting LSB: ebtables ruleset management...
[   44.602954] cloud-init[456]: Cloud-init v. 17.1 running 'init-local' at Sun, 21 Jan 2018 13:17:04 +0000. Up 44.24 seconds.
         Starting Set console font and keymap...
         Starting Tell Plymouth To Write Out Runtime Data...
[[0;32m  OK  [0m] Started Dispatch Password Requests to Console Directory Watch.
[[0;32m  OK  [0m] Started Create Volatile Files and Directories.
[[0;32m  OK  [0m] Started Set console font and keymap.
[[0;32m  OK  [0m] Started Tell Plymouth To Write Out Runtime Data.
[[0;32m  OK  [0m] Started Initial cloud-init job (pre-networking).
[[0;32m  OK  [0m] Started LSB: ebtables ruleset management.
[[0;32m  OK  [0m] Found device /dev/ttyS0.
[[0;32m  OK  [0m] Listening on Load/Save RF Kill Switch Status /dev/rfkill Watch.
[[0;32m  OK  [0m] Started Device-mapper event daemon.
[[0;32m  OK  [0m] Reached target Network (Pre).
[[0;32m  OK  [0m] Started ifup for enp0s8.
         Starting Raise network interfaces...
[[0;32m  OK  [0m] Started ifup for enp0s3.
[[0;32m  OK  [0m] Created slice system-getty.slice.
         Starting Update UTMP about System Boot/Shutdown...
[[0;32m  OK  [0m] Started Update UTMP about System Boot/Shutdown.
[[0;32m  OK  [0m] Started Raise network interfaces.
         Starting Initial cloud-init job (metadata service crawler)...
[[0;32m  OK  [0m] Reached target Network.
[   48.452982] cloud-init[1003]: Cloud-init v. 17.1 running 'init' at Sun, 21 Jan 2018 13:17:08 +0000. Up 48.12 seconds.
[[0;32m  OK  [0m] Started Initial cloud-init job (metadata service crawler).
[[0;32m  OK  [0m] Reached target Cloud-config availability.
[[0;32m  OK  [0m] Reached target System Initialization.
[   48.568111] cloud-init[1003]: ci-info: ++++++++++++++++++++++++++++++++++++++Net device info++++++++++++++++++++++++++++++++++++++
[   48.994732] [cloud-init[0;32m  OK  [0m[1003]: ] ci-info: +--------+------+-----------------------------+---------------+-------+-------------------+Listening on UUID daemon activation socket.

[   49.221301] [cloud-init[0;32m  OK  [0m[1003]: ] ci-info: | Device |  Up  |           Address           |      Mask     | Scope |     Hw-Address    |Listening on ACPID Listen Socket.

[[0;32m  OK  [0m] Started Daily Cleanup of Temporary Directories.
[[0;32m  OK  [0m] Listening on D-Bus System Message Bus Socket.
[   49.222244] cloud-init[1003]: ci-info: +--------+------+-----------------------------+---------------+-------+-------------------+
[   50.032608]          cloud-initStarting Docker Socket for the API.[1003]: 
ci-info: | enp0s3 | True |          10.0.2.15          | 255.255.255.0 |   .   | 02:38:07:4c:82:85 |
[   50.284839] [cloud-init[0;32m  OK  [0m[1003]: ] ci-info: | enp0s3 | True |  fe80::38:7ff:fe4c:8285/64  |       .       |  link | 02:38:07:4c:82:85 |Started ACPI Events Check.

[[0;32m  OK  [0m] Reached target Paths.
[   50.412739] cloud-init[1003]: ci-info: | enp0s8 | True |          10.20.1.25         | 255.255.255.0 |   .   | 08:00:27:a7:fa:53 |
[   50.787435] [[0;32m  OK  [0m] Reached target Network is Online.
cloud-init[1003]: ci-info: | enp0s8 | True | fe80::a00:27ff:fea7:fa53/64 |       .       |  link | 08:00:27:a7:fa:53 |
[   51.000574]          cloud-initStarting iSCSI initiator daemon (iscsid)...[1003]: 
ci-info: |   lo   | True |          127.0.0.1          |   255.0.0.0   |   .   |         .         |
[   51.588808] [cloud-init[0;32m  OK  [0m[1003]: ] ci-info: |   lo   | True |           ::1/128           |       .       |  host |         .         |Started Daily apt download activities.

[   51.800660] [cloud-init[0;32m  OK  [0m[1003]: ] ci-info: +--------+------+-----------------------------+---------------+-------+-------------------+Started Daily apt upgrade and clean activities.

[   51.801538] [cloud-init[0;32m  OK  [0m[1003]: ] ci-info: +++++++++++++++++++++++++++Route IPv4 info++++++++++++++++++++++++++++Reached target Timers.

[   52.264458] [cloud-init[0;32m  OK  [0m[1003]: ] ci-info: +-------+-------------+----------+---------------+-----------+-------+Listening on Docker Socket for the API.

[   52.265634] cloud-init[1003]: ci-info: | Route | Destination | Gateway  |    Genmask    | Interface | Flags |
[   52.585150] [cloud-init[0;32m  OK  [0m[1003]: ] ci-info: +-------+-------------+----------+---------------+-----------+-------+Reached target Sockets.

[   52.820544] [cloud-init[0;32m  OK  [0m[1003]: ] ci-info: |   0   |   0.0.0.0   | 10.0.2.2 |    0.0.0.0    |   enp0s3  |   UG  |Reached target Basic System.

[   52.821264] cloud-init[1003]: ci-info: |   1   |   10.0.2.0  | 0.0.0.0  | 255.255.255.0 |   enp0s3  |   U   |
[   53.080485]          cloud-initStarting vboxadd.service...[1003]: 
ci-info: |   2   |  10.20.1.0  | 0.0.0.0  | 255.255.255.0 |   enp0s8  |   U   |
[   53.081518] [cloud-init[0;32m  OK  [0m[1003]: ] ci-info: +-------+-------------+----------+---------------+-----------+-------+Started Unattended Upgrades Shutdown.

         Starting /etc/rc.local Compatibility...
[[0;32m  OK  [0m] Started D-Bus System Message Bus.
         Starting LSB: MD monitoring daemon...
         Starting Apply the settings specified in cloud-config...
         Starting Accounts Service...
         Starting System Logging Service...
[[0;32m  OK  [0m] Started Regular background program processing daemon.
         Starting OpenBSD Secure Shell server...
[[0;32m  OK  [0m] Started FUSE filesystem for LXC.
[   53.958059] cloud-init[1089]: Cloud-init v. 17.1 running 'modules:config' at Sun, 21 Jan 2018 13:17:14 +0000. Up 53.82 seconds.
[[0;32m  OK  [0m] Started Deferred execution scheduler.
         Starting Login Service...
[[0;32m  OK  [0m] Started ACPI event daemon.
         Starting LSB: Record successful boot for GRUB...
         Starting Docker Application Container Engine...
[[0;32m  OK  [0m] Started System Logging Service.
[[0;32m  OK  [0m] Started OpenBSD Secure Shell server.
[[0;32m  OK  [0m] Started iSCSI initiator daemon (iscsid).
[[0;32m  OK  [0m] Started vboxadd.service.
[[0;32m  OK  [0m] Started /etc/rc.local Compatibility.
[[0;32m  OK  [0m] Started Apply the settings specified in cloud-config.
[[0;32m  OK  [0m] Started LSB: MD monitoring daemon.
         Starting Authenticate and Authorize Users to Run Privileged Tasks...
         Starting vboxadd-service.service...
         Starting Login to default iSCSI targets...
[[0;32m  OK  [0m] Started LSB: Record successful boot for GRUB.
[[0;1;31mFAILED[0m] Failed to start vboxadd-service.service.
See 'systemctl status vboxadd-service.service' for details.
[[0;32m  OK  [0m] Started Login Service.
[[0;32m  OK  [0m] Started Authenticate and Authorize Users to Run Privileged Tasks.
[[0;32m  OK  [0m] Started Accounts Service.
[[0;32m  OK  [0m] Started Login to default iSCSI targets.
[[0;32m  OK  [0m] Reached target Remote File Systems (Pre).
[[0;32m  OK  [0m] Reached target Remote File Systems.
         Starting LSB: daemon to balance interrupts for SMP systems...
         Starting Permit User Sessions...
         Starting LSB: Set the CPU Frequency Scaling governor to "ondemand"...
         Starting LSB: automatic crash report generation...
         Starting LSB: Set up cgroupfs mounts....
[[0;32m  OK  [0m] Started Permit User Sessions.
[[0;32m  OK  [0m] Started LSB: Set up cgroupfs mounts..
         Starting Hold until boot process finishes up...
         Starting Terminate Plymouth Boot Screen...
[[0;32m  OK  [0m] Started Docker Application Container Engine.
[[0;32m  OK  [0m] Started LSB: daemon to balance interrupts for SMP systems.
[[0;32m  OK  [0m] Started LSB: Set the CPU Frequency Scaling governor to "ondemand".
[[0;32m  OK  [0m] Started LSB: automatic crash report generation.
[[0;32m  OK  [0m] Started Hold until boot process finishes up.
[[0;32m  OK  [0m] Started Terminate Plymouth Boot Screen.
[[0;32m  OK  [0m] Started Serial Getty on ttyS0.
         Starting Set console scheme...
[[0;32m  OK  [0m] Started Getty on tty1.
[[0;32m  OK  [0m] Reached target Login Prompts.
         Starting Kubernetes Kubelet Server...
         Starting etcd docker wrapper...
[[0;32m  OK  [0m] Started Set console scheme.
[[0;32m  OK  [0m] Started Kubernetes Kubelet Server.
[[0;32m  OK  [0m] Started etcd docker wrapper.
[[0;32m  OK  [0m] Reached target Multi-User System.
[[0;32m  OK  [0m] Reached target Graphical Interface.
         Starting Update UTMP about System Runlevel Changes...
         Starting Execute cloud user/final scripts...
[[0;32m  OK  [0m] Started Update UTMP about System Runlevel Changes.
[[0;32m  OK  [0m] Started Kubernetes systemd probe.
[   57.574859] cloud-init[1410]: Cloud-init v. 17.1 running 'modules:final' at Sun, 21 Jan 2018 13:17:17 +0000. Up 57.37 seconds.
[   57.701063] cloud-init[1410]: Cloud-init v. 17.1 finished at Sun, 21 Jan 2018 13:17:18 +0000. Datasource DataSourceNoCloud [seed=/dev/sdb][dsmode=net].  Up 57.56 seconds
[[0;32m  OK  [0m] Started Execute cloud user/final scripts.
[[0;32m  OK  [0m] Reached target Cloud-init target.

Ubuntu 16.04.3 LTS k8s2 ttyS0

k8s2 login: [[0;32m  OK  [0m] Closed Load/Save RF Kill Switch Status /dr[[0;32m  OK  [0m] Unmounted /var/lib/lxcfs.
[[0;32m  OK  [0m] Unmounted /var/lib/docker/container...a8ae9eef904f0ebc50788bccb5a/shm.
[[0;32m  OK  [0m] Unmounted /var/lib/docker/container...e350c0aff36d42884555773b77c/shm.
[[0;32m  OK  [0m] Unmounted /var/lib/docker/overlay2/...0dc20eecd6d265f91d48a187/merged.
[[0;32m  OK  [0m] Unmounted /var/lib/docker/overlay2/...2a6b81c40fcbfa951e368ecb/merged.
[[0;32m  OK  [0m] Stopped Accounts Service.
[[0;32m  OK  [0m] Stopped System Logging Service.
[[0;32m  OK  [0m] Stopped Regular background program processing daemon.
[[0;32m  OK  [0m] Stopped OpenBSD Secure Shell server.
[[0;32m  OK  [0m] Stopped Deferred execution scheduler.
[[0;32m  OK  [0m] Stopped ACPI event daemon.
[[0;32m  OK  [0m] Stopped Authenticate and Authorize Users to Run Privileged Tasks.
[[0;32m  OK  [0m] Stopped Serial Getty on ttyS0.
[[0;32m  OK  [0m] Stopped Getty on tty1.
[[0;32m  OK  [0m] Stopped Kubernetes Kubelet Server.
[[0;32m  OK  [0m] Stopped User Manager for UID 1000.
[[0;32m  OK  [0m] Stopped Session 1 of user vagrant.
[[0;32m  OK  [0m] Stopped vboxadd.service.
[[0;32m  OK  [0m] Stopped Unattended Upgrades Shutdown.
[[0;32m  OK  [0m] Stopped LSB: Set up cgroupfs mounts..
[[0;32m  OK  [0m] Stopped etcd docker wrapper.
[[0;32m  OK  [0m] Stopped D-Bus System Message Bus.
[[0;32m  OK  [0m] Stopped FUSE filesystem for LXC.
[[0;32m  OK  [0m] Unmounted /var/lib/docker/container...5694b2fff795a12b2b175b9a91f/shm.
[[0;32m  OK  [0m] Unmounted /var/lib/docker/overlay2/...9ef6f08ba4ab23f71710cf9d/merged.
[[0;32m  OK  [0m] Stopped LSB: Set the CPU Frequency Scaling governor to "ondemand".
[[0;32m  OK  [0m] Stopped LSB: daemon to balance interrupts for SMP systems.
[[0;32m  OK  [0m] Stopped LSB: MD monitoring daemon.
[[0;32m  OK  [0m] Stopped LSB: automatic crash report generation.
[[0;32m  OK  [0m] Stopped LSB: Record successful boot for GRUB.
         Stopping Docker Application Container Engine...
[[0;32m  OK  [0m] Removed slice system-getty.slice.
[[0;32m  OK  [0m] Removed slice system-serial\x2dgetty.slice.
[[0;32m  OK  [0m] Stopped /etc/rc.local Compatibility.
[[0;32m  OK  [0m] Unmounted /var/lib/docker/overlay2/...5f250b86293a2f4c32da144f/merged.
[[0;32m  OK  [0m] Unmounted /var/lib/docker/container...906520a0115a40223626a65974e/shm.
[[0;32m  OK  [0m] Unmounted /var/lib/docker/overlay2/...e5ee29f5151dbe73d4e23df0/merged.
[[0;32m  OK  [0m] Unmounted /var/lib/docker/overlay2.
[[0;32m  OK  [0m] Stopped Session 14 of user vagrant.
[[0;32m  OK  [0m] Stopped User Manager for UID 1000.
[[0;32m  OK  [0m] Removed slice User Slice of vagrant.
         Stopping Permit User Sessions...
         Stopping Login Service...
[[0;32m  OK  [0m] Stopped Permit User Sessions.
[[0;32m  OK  [0m] Stopped Login Service.
[[0;32m  OK  [0m] Stopped target User and Group Name Lookups.
[[0;32m  OK  [0m] Stopped target Remote File Systems.
[[0;32m  OK  [0m] Stopped target Remote File Systems (Pre).
         Stopping Login to default iSCSI targets...
[[0;32m  OK  [0m] Stopped Docker Application Container Engine.
[[0;32m  OK  [0m] Stopped target Basic System.
[[0;32m  OK  [0m] Stopped target Slices.
[[0;32m  OK  [0m] Removed slice User and Session Slice.
[[0;32m  OK  [0m] Stopped target Sockets.
[[0;32m  OK  [0m] Closed D-Bus System Message Bus Socket.
[[0;32m  OK  [0m] Closed ACPID Listen Socket.
[[0;32m  OK  [0m] Closed UUID daemon activation socket.
[[0;32m  OK  [0m] Closed Syslog Socket.
[[0;32m  OK  [0m] Stopped target Paths.
[[0;32m  OK  [0m] Stopped Dispatch Password Requests to Console Directory Watch.
[[0;32m  OK  [0m] Stopped ACPI Events Check.
[[0;32m  OK  [0m] Stopped Forward Password Requests to Wall Directory Watch.
[[0;32m  OK  [0m] Closed Docker Socket for the API.
[[0;32m  OK  [0m] Stopped target System Initialization.
         Stopping Load/Save Random Seed...
[[0;32m  OK  [0m] Stopped target Encrypted Volumes.
[[0;32m  OK  [0m] Stopped target Swap.
         Stopping LSB: ebtables ruleset management...
         Stopping Update UTMP about System Boot/Shutdown...
[[0;32m  OK  [0m] Stopped Load/Save Random Seed.
[[0;32m  OK  [0m] Stopped Login to default iSCSI targets.
[[0;32m  OK  [0m] Stopped Update UTMP about System Boot/Shutdown.
[[0;32m  OK  [0m] Stopped Create Volatile Files and Directories.
         Stopping iSCSI initiator daemon ((scsid)...
[[0;32m  OK  [0m] Stopped iSCSI initiator daemon (iscsid).
[[0;32m  OK  [0m] Stopped LSB: ebtables ruleset management.
[[0;32m  OK  [0m] Stopped target Network is Online.
[[0;32m  OK  [0m] Stopped Initial cloud-init job (metadata service crawler).
[[0;32m  OK  [0m] Stopped target Network.
         Stopping Raise network interfaces...
[[0;32m  OK  [0m] Stopped Raise network interfaces.
[[0;32m  OK  [0m] Stopped target Local File Systems.
         Unmounting /var/lib/kubelet/pods/f7...ecret/calico-node-token-fvfc4...
         Unmounting /var/lib/kubelet/pods/f0...io~secret/default-token-hk6jv...
         Unmounting /run/docker/netns/default...
         Unmounting /run/user/1000...
[[0;32m  OK  [0m] Stopped Apply Kernel Variables.
[[0;32m  OK  [0m] Stopped Load Kernel Modules.
[[0;32m  OK  [0m] Stopped target Network (Pre).
[[0;32m  OK  [0m] Stopped Initial cloud-init job (pre-networking).
[[0;32m  OK  [0m] Unmounted /var/lib/kubelet/pods/f7c...~secret/calico-node-token-fvfc4.
[[0;32m  OK  [0m] Unmounted /var/lib/kubelet/pods/f06...s.io~secret/default-token-hk6jv.
[[0;32m  OK  [0m] Unmounted /run/docker/netns/default.
[[0;32m  OK  [0m] Unmounted /run/user/1000.
[[0;32m  OK  [0m] Reached target Unmount All Filesystems.
[[0;32m  OK  [0m] Stopped target Local File Systems (Pre).
         Stopping Monitoring of LVM2 mirrors... dmeventd or progress polling...
[[0;32m  OK  [0m] Stopped Create Static Device Nodes in /dev.
[[0;32m  OK  [0m] Stopped Remount Root and Kernel File Systems.
[[0;32m  OK  [0m] Reached target Shutdown.
[41247.347567] reboot: Power down